#
# There is insufficient memory for the Java Runtime Environment to continue.
# Native memory allocation (malloc) failed to allocate 32744 bytes for ChunkPool::allocate
# Possible reasons:
#   The system is out of physical RAM or swap space
#   The process is running with CompressedOops enabled, and the Java Heap may be blocking the growth of the native heap
# Possible solutions:
#   Reduce memory load on the system
#   Increase physical memory or swap space
#   Check if swap backing store is full
#   Decrease Java heap size (-Xmx/-Xms)
#   Decrease number of Java threads
#   Decrease Java thread stack sizes (-Xss)
#   Set larger code cache with -XX:ReservedCodeCacheSize=
#   JVM is running with Unscaled Compressed Oops mode in which the Java heap is
#     placed in the first 4GB address space. The Java Heap base address is the
#     maximum limit for the native heap growth. Please use -XX:HeapBaseMinAddress
#     to set the Java Heap base and to place the Java Heap above 4GB virtual address.
# This output file may be truncated or incomplete.
#
#  Out of Memory Error (allocation.cpp:272), pid=4888, tid=0x0000000000003a84
#
# JRE version: Java(TM) SE Runtime Environment (8.0_221-b11) (build 1.8.0_221-b11)
# Java VM: Java HotSpot(TM) 64-Bit Server VM (25.221-b11 mixed mode windows-amd64 compressed oops)
# Failed to write core dump. Minidumps are not enabled by default on client versions of Windows
#

---------------  T H R E A D  ---------------

Current thread (0x00000000193d7800):  JavaThread "C2 CompilerThread1" daemon [_thread_in_native, id=14980, stack(0x000000001a760000,0x000000001a860000)]

Stack: [0x000000001a760000,0x000000001a860000]
[error occurred during error reporting (printing stack bounds), id 0xc0000005]

Native frames: (J=compiled Java code, j=interpreted, Vv=VM code, C=native code)


Current CompileTask:
C2:  42137 6976   !   4       org.eclipse.jdt.internal.compiler.classfmt.ClassFileReader::<init> (1936 bytes)


---------------  P R O C E S S  ---------------

Java Threads: ( => current thread )
  0x00000000193da800 JavaThread "ForkJoinPool.commonPool-worker-1" daemon [_thread_blocked, id=16264, stack(0x0000000022d10000,0x0000000022e10000)]
  0x00000000193da000 JavaThread "Bundle File Closer" daemon [_thread_blocked, id=15792, stack(0x0000000022910000,0x0000000022a10000)]
  0x00000000193e0000 JavaThread "Worker-6" [_thread_blocked, id=1272, stack(0x0000000022810000,0x0000000022910000)]
  0x00000000193d9000 JavaThread "Worker-5" [_thread_blocked, id=14884, stack(0x0000000022180000,0x0000000022280000)]
  0x00000000193dd000 JavaThread "Worker-4: Java indexing... " [_thread_blocked, id=13220, stack(0x0000000022080000,0x0000000022180000)]
  0x000000001b9ef000 JavaThread "Worker-3" [_thread_blocked, id=1852, stack(0x0000000020750000,0x0000000020850000)]
  0x000000001baed800 JavaThread "Worker-2" [_thread_blocked, id=15536, stack(0x00000000201b0000,0x00000000202b0000)]
  0x000000001c8a9800 JavaThread "pool-1-thread-1" [_thread_in_native, id=4712, stack(0x000000001fe50000,0x000000001ff50000)]
  0x000000001bbb6800 JavaThread "Java indexing" daemon [_thread_in_native, id=15336, stack(0x000000001d5b0000,0x000000001d6b0000)]
  0x000000001bde8800 JavaThread "Worker-1" [_thread_blocked, id=2344, stack(0x000000001d2b0000,0x000000001d3b0000)]
  0x000000001bb3c800 JavaThread "Worker-0" [_thread_blocked, id=14524, stack(0x000000001d1b0000,0x000000001d2b0000)]
  0x000000001b212000 JavaThread "Worker-JM" [_thread_blocked, id=7672, stack(0x000000001ceb0000,0x000000001cfb0000)]
  0x000000001b160800 JavaThread "Start Level: Equinox Container: 35f242a5-4bbc-42a1-8eb1-ced12e8fd8df" daemon [_thread_blocked, id=15888, stack(0x000000001cab0000,0x000000001cbb0000)]
  0x000000001bc5d800 JavaThread "Framework Event Dispatcher: Equinox Container: 35f242a5-4bbc-42a1-8eb1-ced12e8fd8df" daemon [_thread_blocked, id=10460, stack(0x000000001c9b0000,0x000000001cab0000)]
  0x000000001b43d800 JavaThread "Active Thread: Equinox Container: 35f242a5-4bbc-42a1-8eb1-ced12e8fd8df" [_thread_blocked, id=2416, stack(0x000000001c8b0000,0x000000001c9b0000)]
  0x000000001946c000 JavaThread "Service Thread" daemon [_thread_blocked, id=15156, stack(0x000000001aa60000,0x000000001ab60000)]
  0x00000000193dd800 JavaThread "C1 CompilerThread3" daemon [_thread_in_native, id=13192, stack(0x000000001a960000,0x000000001aa60000)]
  0x00000000193df000 JavaThread "C2 CompilerThread2" daemon [_thread_in_native, id=15972, stack(0x000000001a860000,0x000000001a960000)]
=>0x00000000193d7800 JavaThread "C2 CompilerThread1" daemon [_thread_in_native, id=14980, stack(0x000000001a760000,0x000000001a860000)]
  0x00000000193d3000 JavaThread "C2 CompilerThread0" daemon [_thread_in_native, id=3372, stack(0x000000001a660000,0x000000001a760000)]
  0x00000000193d2800 JavaThread "Attach Listener" daemon [_thread_blocked, id=1908, stack(0x000000001a460000,0x000000001a560000)]
  0x00000000193d1000 JavaThread "Signal Dispatcher" daemon [_thread_blocked, id=14308, stack(0x000000001a360000,0x000000001a460000)]
  0x00000000193cc000 JavaThread "Surrogate Locker Thread (Concurrent GC)" daemon [_thread_blocked, id=2476, stack(0x000000001a260000,0x000000001a360000)]
  0x0000000019361800 JavaThread "Finalizer" daemon [_thread_blocked, id=9872, stack(0x000000001a070000,0x000000001a170000)]
  0x000000001935b000 JavaThread "Reference Handler" daemon [_thread_blocked, id=8316, stack(0x0000000019f70000,0x000000001a070000)]
  0x0000000002d92800 JavaThread "main" [_thread_blocked, id=8872, stack(0x0000000002c50000,0x0000000002d50000)]

Other Threads:
  0x0000000019357800 VMThread [stack: 0x0000000019e70000,0x0000000019f70000] [id=7596]
  0x0000000019485800 WatcherThread [stack: 0x000000001ab60000,0x000000001ac60000] [id=10164]

VM state:not at safepoint (normal execution)

VM Mutex/Monitor currently owned by a thread: None

heap address: 0x00000000c0000000, size: 1024 MB, Compressed Oops mode: 32-bit
Narrow klass base: 0x0000000000000000, Narrow klass shift: 3
Compressed class space size: 1073741824 Address: 0x0000000100000000

Heap:
 garbage-first heap   total 545792K, used 325056K [0x00000000c0000000, 0x00000000c01010a8, 0x0000000100000000)
  region size 1024K, 171 young (175104K), 4 survivors (4096K)
 Metaspace       used 47794K, capacity 50616K, committed 50816K, reserved 1093632K
  class space    used 5028K, capacity 5917K, committed 6016K, reserved 1048576K

Heap Regions: (Y=young(eden), SU=young(survivor), HS=humongous(starts), HC=humongous(continues), CS=collection set, F=free, TS=gc time stamp, PTAMS=previous top-at-mark-start, NTAMS=next top-at-mark-start)
AC   0  O    TS     7 PTAMS 0x00000000c0000000 NTAMS 0x00000000c0000000 space 1024K, 100% used [0x00000000c0000000, 0x00000000c0100000)
AC   0  O    TS     0 PTAMS 0x00000000c0200000 NTAMS 0x00000000c0200000 space 1024K, 100% used [0x00000000c0100000, 0x00000000c0200000)
AC   0  O    TS     0 PTAMS 0x00000000c0300000 NTAMS 0x00000000c0300000 space 1024K, 100% used [0x00000000c0200000, 0x00000000c0300000)
AC   0  O    TS     0 PTAMS 0x00000000c0400000 NTAMS 0x00000000c0400000 space 1024K, 100% used [0x00000000c0300000, 0x00000000c0400000)
AC   0  O    TS     0 PTAMS 0x00000000c0500000 NTAMS 0x00000000c0500000 space 1024K, 100% used [0x00000000c0400000, 0x00000000c0500000)
AC   0  O    TS     0 PTAMS 0x00000000c0600000 NTAMS 0x00000000c0600000 space 1024K, 100% used [0x00000000c0500000, 0x00000000c0600000)
AC   0  O    TS     0 PTAMS 0x00000000c0700000 NTAMS 0x00000000c0700000 space 1024K, 100% used [0x00000000c0600000, 0x00000000c0700000)
AC   0  O    TS     0 PTAMS 0x00000000c0800000 NTAMS 0x00000000c0800000 space 1024K, 100% used [0x00000000c0700000, 0x00000000c0800000)
AC   0  O    TS     0 PTAMS 0x00000000c0900000 NTAMS 0x00000000c0900000 space 1024K, 100% used [0x00000000c0800000, 0x00000000c0900000)
AC   0 HS    TS     0 PTAMS 0x00000000c09d8008 NTAMS 0x00000000c09d8008 space 1024K,  84% used [0x00000000c0900000, 0x00000000c0a00000)
AC   0  O    TS     0 PTAMS 0x00000000c0b00000 NTAMS 0x00000000c0b00000 space 1024K, 100% used [0x00000000c0a00000, 0x00000000c0b00000)
AC   0  O    TS     0 PTAMS 0x00000000c0c00000 NTAMS 0x00000000c0c00000 space 1024K, 100% used [0x00000000c0b00000, 0x00000000c0c00000)
AC   0  O    TS     0 PTAMS 0x00000000c0d00000 NTAMS 0x00000000c0d00000 space 1024K, 100% used [0x00000000c0c00000, 0x00000000c0d00000)
AC   0  O    TS     0 PTAMS 0x00000000c0e00000 NTAMS 0x00000000c0e00000 space 1024K, 100% used [0x00000000c0d00000, 0x00000000c0e00000)
AC   0  O    TS     5 PTAMS 0x00000000c0e00000 NTAMS 0x00000000c0e00000 space 1024K, 100% used [0x00000000c0e00000, 0x00000000c0f00000)
AC   0  O    TS     0 PTAMS 0x00000000c1000000 NTAMS 0x00000000c1000000 space 1024K, 100% used [0x00000000c0f00000, 0x00000000c1000000)
AC   0  O    TS     0 PTAMS 0x00000000c1100000 NTAMS 0x00000000c1100000 space 1024K, 100% used [0x00000000c1000000, 0x00000000c1100000)
AC   0  O    TS     0 PTAMS 0x00000000c1200000 NTAMS 0x00000000c1200000 space 1024K, 100% used [0x00000000c1100000, 0x00000000c1200000)
AC   0  O    TS     0 PTAMS 0x00000000c1300000 NTAMS 0x00000000c1300000 space 1024K, 100% used [0x00000000c1200000, 0x00000000c1300000)
AC   0  O    TS     0 PTAMS 0x00000000c1400000 NTAMS 0x00000000c1400000 space 1024K, 100% used [0x00000000c1300000, 0x00000000c1400000)
AC   0  O    TS     0 PTAMS 0x00000000c1500000 NTAMS 0x00000000c1500000 space 1024K, 100% used [0x00000000c1400000, 0x00000000c1500000)
AC   0  O    TS     5 PTAMS 0x00000000c1500000 NTAMS 0x00000000c1500000 space 1024K, 100% used [0x00000000c1500000, 0x00000000c1600000)
AC   0  O    TS     0 PTAMS 0x00000000c1700000 NTAMS 0x00000000c1700000 space 1024K, 100% used [0x00000000c1600000, 0x00000000c1700000)
AC   0  O    TS     0 PTAMS 0x00000000c1800000 NTAMS 0x00000000c1800000 space 1024K, 100% used [0x00000000c1700000, 0x00000000c1800000)
AC   0  O    TS     0 PTAMS 0x00000000c1900000 NTAMS 0x00000000c1900000 space 1024K, 100% used [0x00000000c1800000, 0x00000000c1900000)
AC   0  O    TS     7 PTAMS 0x00000000c1900000 NTAMS 0x00000000c1900000 space 1024K, 100% used [0x00000000c1900000, 0x00000000c1a00000)
AC   0  O    TS     9 PTAMS 0x00000000c1a00000 NTAMS 0x00000000c1a00000 space 1024K, 100% used [0x00000000c1a00000, 0x00000000c1b00000)
AC   0  O    TS     5 PTAMS 0x00000000c1b00000 NTAMS 0x00000000c1b00000 space 1024K, 100% used [0x00000000c1b00000, 0x00000000c1c00000)
AC   0  O    TS     5 PTAMS 0x00000000c1c00000 NTAMS 0x00000000c1c00000 space 1024K, 100% used [0x00000000c1c00000, 0x00000000c1d00000)
AC   0  O    TS     0 PTAMS 0x00000000c1e00000 NTAMS 0x00000000c1e00000 space 1024K, 100% used [0x00000000c1d00000, 0x00000000c1e00000)
AC   0  O    TS     0 PTAMS 0x00000000c1f00000 NTAMS 0x00000000c1f00000 space 1024K, 100% used [0x00000000c1e00000, 0x00000000c1f00000)
AC   0  O    TS     0 PTAMS 0x00000000c2000000 NTAMS 0x00000000c2000000 space 1024K, 100% used [0x00000000c1f00000, 0x00000000c2000000)
AC   0  O    TS     9 PTAMS 0x00000000c2000000 NTAMS 0x00000000c2000000 space 1024K, 100% used [0x00000000c2000000, 0x00000000c2100000)
AC   0  O    TS     0 PTAMS 0x00000000c2200000 NTAMS 0x00000000c2200000 space 1024K, 100% used [0x00000000c2100000, 0x00000000c2200000)
AC   0  O    TS     5 PTAMS 0x00000000c2200000 NTAMS 0x00000000c2200000 space 1024K, 100% used [0x00000000c2200000, 0x00000000c2300000)
AC   0  O    TS     0 PTAMS 0x00000000c2400000 NTAMS 0x00000000c2400000 space 1024K, 100% used [0x00000000c2300000, 0x00000000c2400000)
AC   0  O    TS     0 PTAMS 0x00000000c2500000 NTAMS 0x00000000c2500000 space 1024K, 100% used [0x00000000c2400000, 0x00000000c2500000)
AC   0  O    TS     9 PTAMS 0x00000000c2500000 NTAMS 0x00000000c2500000 space 1024K, 100% used [0x00000000c2500000, 0x00000000c2600000)
AC   0  O    TS     5 PTAMS 0x00000000c2600000 NTAMS 0x00000000c2600000 space 1024K, 100% used [0x00000000c2600000, 0x00000000c2700000)
AC   0  O    TS     0 PTAMS 0x00000000c2800000 NTAMS 0x00000000c2800000 space 1024K, 100% used [0x00000000c2700000, 0x00000000c2800000)
AC   0  O    TS     0 PTAMS 0x00000000c2900000 NTAMS 0x00000000c2900000 space 1024K, 100% used [0x00000000c2800000, 0x00000000c2900000)
AC   0  O    TS     1 PTAMS 0x00000000c29cd600 NTAMS 0x00000000c29cd600 space 1024K, 100% used [0x00000000c2900000, 0x00000000c2a00000)
AC   0  O    TS     0 PTAMS 0x00000000c2b00000 NTAMS 0x00000000c2b00000 space 1024K, 100% used [0x00000000c2a00000, 0x00000000c2b00000)
AC   0 HS    TS     0 PTAMS 0x00000000c2b00000 NTAMS 0x00000000c2b00000 space 2048K,  84% used [0x00000000c2b00000, 0x00000000c2d00000)
AC   0 HC    TS     0 PTAMS 0x00000000c2c00000 NTAMS 0x00000000c2c00000 space 1024K,  68% used [0x00000000c2c00000, 0x00000000c2d00000)
AC   0  O    TS     1 PTAMS 0x00000000c2d00000 NTAMS 0x00000000c2d00000 space 1024K, 100% used [0x00000000c2d00000, 0x00000000c2e00000)
AC   0  O    TS     1 PTAMS 0x00000000c2e00000 NTAMS 0x00000000c2e00000 space 1024K, 100% used [0x00000000c2e00000, 0x00000000c2f00000)
AC   0  O    TS     5 PTAMS 0x00000000c2f00000 NTAMS 0x00000000c2f00000 space 1024K, 100% used [0x00000000c2f00000, 0x00000000c3000000)
AC   0  O    TS     0 PTAMS 0x00000000c3100000 NTAMS 0x00000000c3100000 space 1024K, 100% used [0x00000000c3000000, 0x00000000c3100000)
AC   0  O    TS     0 PTAMS 0x00000000c3200000 NTAMS 0x00000000c3200000 space 1024K, 100% used [0x00000000c3100000, 0x00000000c3200000)
AC   0  O    TS     0 PTAMS 0x00000000c3300000 NTAMS 0x00000000c3300000 space 1024K, 100% used [0x00000000c3200000, 0x00000000c3300000)
AC   0  O    TS     0 PTAMS 0x00000000c3400000 NTAMS 0x00000000c3400000 space 1024K, 100% used [0x00000000c3300000, 0x00000000c3400000)
AC   0  O    TS     5 PTAMS 0x00000000c3400000 NTAMS 0x00000000c3400000 space 1024K, 100% used [0x00000000c3400000, 0x00000000c3500000)
AC   0  O    TS     7 PTAMS 0x00000000c3500000 NTAMS 0x00000000c3500000 space 1024K, 100% used [0x00000000c3500000, 0x00000000c3600000)
AC   0  O    TS     0 PTAMS 0x00000000c3700000 NTAMS 0x00000000c3700000 space 1024K, 100% used [0x00000000c3600000, 0x00000000c3700000)
AC   0  O    TS     0 PTAMS 0x00000000c3800000 NTAMS 0x00000000c3800000 space 1024K, 100% used [0x00000000c3700000, 0x00000000c3800000)
AC   0  O    TS     0 PTAMS 0x00000000c3900000 NTAMS 0x00000000c3900000 space 1024K, 100% used [0x00000000c3800000, 0x00000000c3900000)
AC   0  O    TS     0 PTAMS 0x00000000c3a00000 NTAMS 0x00000000c3a00000 space 1024K, 100% used [0x00000000c3900000, 0x00000000c3a00000)
AC   0  O    TS     0 PTAMS 0x00000000c3b00000 NTAMS 0x00000000c3b00000 space 1024K, 100% used [0x00000000c3a00000, 0x00000000c3b00000)
AC   0  O    TS     0 PTAMS 0x00000000c3c00000 NTAMS 0x00000000c3c00000 space 1024K, 100% used [0x00000000c3b00000, 0x00000000c3c00000)
AC   0  O    TS     0 PTAMS 0x00000000c3d00000 NTAMS 0x00000000c3d00000 space 1024K, 100% used [0x00000000c3c00000, 0x00000000c3d00000)
AC   0  O    TS     0 PTAMS 0x00000000c3e00000 NTAMS 0x00000000c3e00000 space 1024K, 100% used [0x00000000c3d00000, 0x00000000c3e00000)
AC   0  O    TS     0 PTAMS 0x00000000c3f00000 NTAMS 0x00000000c3f00000 space 1024K, 100% used [0x00000000c3e00000, 0x00000000c3f00000)
AC   0  O    TS     0 PTAMS 0x00000000c4000000 NTAMS 0x00000000c4000000 space 1024K, 100% used [0x00000000c3f00000, 0x00000000c4000000)
AC   0  O    TS     0 PTAMS 0x00000000c4100000 NTAMS 0x00000000c4100000 space 1024K, 100% used [0x00000000c4000000, 0x00000000c4100000)
AC   0  O    TS     0 PTAMS 0x00000000c4200000 NTAMS 0x00000000c4200000 space 1024K, 100% used [0x00000000c4100000, 0x00000000c4200000)
AC   0  O    TS     9 PTAMS 0x00000000c4200000 NTAMS 0x00000000c4200000 space 1024K, 100% used [0x00000000c4200000, 0x00000000c4300000)
AC   0  O    TS     1 PTAMS 0x00000000c4300000 NTAMS 0x00000000c4300000 space 1024K, 100% used [0x00000000c4300000, 0x00000000c4400000)
AC   0  O    TS     1 PTAMS 0x00000000c4400000 NTAMS 0x00000000c4400000 space 1024K, 100% used [0x00000000c4400000, 0x00000000c4500000)
AC   0  O    TS     1 PTAMS 0x00000000c4500000 NTAMS 0x00000000c4500000 space 1024K, 100% used [0x00000000c4500000, 0x00000000c4600000)
AC   0  O    TS     1 PTAMS 0x00000000c4600000 NTAMS 0x00000000c4600000 space 1024K, 100% used [0x00000000c4600000, 0x00000000c4700000)
AC   0  O    TS     0 PTAMS 0x00000000c4800000 NTAMS 0x00000000c4800000 space 1024K, 100% used [0x00000000c4700000, 0x00000000c4800000)
AC   0  O    TS     0 PTAMS 0x00000000c4900000 NTAMS 0x00000000c4900000 space 1024K, 100% used [0x00000000c4800000, 0x00000000c4900000)
AC   0  O    TS     9 PTAMS 0x00000000c4900000 NTAMS 0x00000000c4900000 space 1024K, 100% used [0x00000000c4900000, 0x00000000c4a00000)
AC   0  O    TS     3 PTAMS 0x00000000c4a00000 NTAMS 0x00000000c4a00000 space 1024K, 100% used [0x00000000c4a00000, 0x00000000c4b00000)
AC   0  O    TS     3 PTAMS 0x00000000c4b00000 NTAMS 0x00000000c4b00000 space 1024K, 100% used [0x00000000c4b00000, 0x00000000c4c00000)
AC   0  O    TS     3 PTAMS 0x00000000c4c00000 NTAMS 0x00000000c4c00000 space 1024K, 100% used [0x00000000c4c00000, 0x00000000c4d00000)
AC   0  O    TS     0 PTAMS 0x00000000c4e00000 NTAMS 0x00000000c4e00000 space 1024K, 100% used [0x00000000c4d00000, 0x00000000c4e00000)
AC   0  O    TS     9 PTAMS 0x00000000c4e00000 NTAMS 0x00000000c4e00000 space 1024K, 100% used [0x00000000c4e00000, 0x00000000c4f00000)
AC   0  O    TS    11 PTAMS 0x00000000c4f00000 NTAMS 0x00000000c4f00000 space 1024K, 100% used [0x00000000c4f00000, 0x00000000c5000000)
AC   0 HS    TS     0 PTAMS 0x00000000c5000000 NTAMS 0x00000000c5000000 space 1024K,  65% used [0x00000000c5000000, 0x00000000c5100000)
AC   0  O    TS     3 PTAMS 0x00000000c5100000 NTAMS 0x00000000c5100000 space 1024K, 100% used [0x00000000c5100000, 0x00000000c5200000)
AC   0 HS    TS     0 PTAMS 0x00000000c5200000 NTAMS 0x00000000c5200000 space 1024K,  65% used [0x00000000c5200000, 0x00000000c5300000)
AC   0  O    TS    11 PTAMS 0x00000000c5300000 NTAMS 0x00000000c5300000 space 1024K, 100% used [0x00000000c5300000, 0x00000000c5400000)
AC   0  O    TS    11 PTAMS 0x00000000c5400000 NTAMS 0x00000000c5400000 space 1024K, 100% used [0x00000000c5400000, 0x00000000c5500000)
AC   0  O    TS     3 PTAMS 0x00000000c5500000 NTAMS 0x00000000c5500000 space 1024K, 100% used [0x00000000c5500000, 0x00000000c5600000)
AC   0  O    TS     3 PTAMS 0x00000000c5600000 NTAMS 0x00000000c5600000 space 1024K, 100% used [0x00000000c5600000, 0x00000000c5700000)
AC   0  O    TS     3 PTAMS 0x00000000c5700000 NTAMS 0x00000000c5700000 space 1024K, 100% used [0x00000000c5700000, 0x00000000c5800000)
AC   0  O    TS     3 PTAMS 0x00000000c5800000 NTAMS 0x00000000c5800000 space 1024K, 100% used [0x00000000c5800000, 0x00000000c5900000)
AC   0  O    TS     3 PTAMS 0x00000000c5900000 NTAMS 0x00000000c5900000 space 1024K, 100% used [0x00000000c5900000, 0x00000000c5a00000)
AC   0  O    TS     3 PTAMS 0x00000000c5a00000 NTAMS 0x00000000c5a00000 space 1024K, 100% used [0x00000000c5a00000, 0x00000000c5b00000)
AC   0  O    TS     3 PTAMS 0x00000000c5b00000 NTAMS 0x00000000c5b00000 space 1024K, 100% used [0x00000000c5b00000, 0x00000000c5c00000)
AC   0  O    TS     5 PTAMS 0x00000000c5c00000 NTAMS 0x00000000c5c00000 space 1024K, 100% used [0x00000000c5c00000, 0x00000000c5d00000)
AC   0 HS    TS     7 PTAMS 0x00000000c5d00000 NTAMS 0x00000000c5d00000 space 4096K,  84% used [0x00000000c5d00000, 0x00000000c6100000)
AC   0 HC    TS     7 PTAMS 0x00000000c5e00000 NTAMS 0x00000000c5e00000 space 1024K, 100% used [0x00000000c5e00000, 0x00000000c5f00000)
AC   0 HC    TS     7 PTAMS 0x00000000c5f00000 NTAMS 0x00000000c5f00000 space 1024K, 100% used [0x00000000c5f00000, 0x00000000c6000000)
AC   0 HC    TS     7 PTAMS 0x00000000c6000000 NTAMS 0x00000000c6000000 space 1024K,  37% used [0x00000000c6000000, 0x00000000c6100000)
AC   0  O    TS    11 PTAMS 0x00000000c6100000 NTAMS 0x00000000c6100000 space 1024K, 100% used [0x00000000c6100000, 0x00000000c6200000)
AC   0  O    TS    11 PTAMS 0x00000000c6200000 NTAMS 0x00000000c6200000 space 1024K, 100% used [0x00000000c6200000, 0x00000000c6300000)
AC   0  O    TS    11 PTAMS 0x00000000c6300000 NTAMS 0x00000000c6300000 space 1024K, 100% used [0x00000000c6300000, 0x00000000c6400000)
AC   0  O    TS    11 PTAMS 0x00000000c6400000 NTAMS 0x00000000c6400000 space 1024K, 100% used [0x00000000c6400000, 0x00000000c6500000)
AC   0  O    TS    11 PTAMS 0x00000000c6500000 NTAMS 0x00000000c6500000 space 1024K, 100% used [0x00000000c6500000, 0x00000000c6600000)
AC   0  O    TS    11 PTAMS 0x00000000c6600000 NTAMS 0x00000000c6600000 space 1024K, 100% used [0x00000000c6600000, 0x00000000c6700000)
AC   0  O    TS    11 PTAMS 0x00000000c6700000 NTAMS 0x00000000c6700000 space 1024K, 100% used [0x00000000c6700000, 0x00000000c6800000)
AC   0  O    TS    11 PTAMS 0x00000000c6800000 NTAMS 0x00000000c6800000 space 1024K, 100% used [0x00000000c6800000, 0x00000000c6900000)
AC   0  O    TS    11 PTAMS 0x00000000c6900000 NTAMS 0x00000000c6900000 space 1024K, 100% used [0x00000000c6900000, 0x00000000c6a00000)
AC   0  O    TS    11 PTAMS 0x00000000c6a00000 NTAMS 0x00000000c6a00000 space 1024K, 100% used [0x00000000c6a00000, 0x00000000c6b00000)
AC   0  O    TS    11 PTAMS 0x00000000c6b00000 NTAMS 0x00000000c6b00000 space 1024K, 100% used [0x00000000c6b00000, 0x00000000c6c00000)
AC   0  O    TS    11 PTAMS 0x00000000c6c00000 NTAMS 0x00000000c6c00000 space 1024K, 100% used [0x00000000c6c00000, 0x00000000c6d00000)
AC   0  O    TS    11 PTAMS 0x00000000c6d00000 NTAMS 0x00000000c6d00000 space 1024K, 100% used [0x00000000c6d00000, 0x00000000c6e00000)
AC   0  O    TS    11 PTAMS 0x00000000c6e00000 NTAMS 0x00000000c6e00000 space 1024K, 100% used [0x00000000c6e00000, 0x00000000c6f00000)
AC   0  O    TS    11 PTAMS 0x00000000c6f00000 NTAMS 0x00000000c6f00000 space 1024K, 100% used [0x00000000c6f00000, 0x00000000c7000000)
AC   0  O    TS    13 PTAMS 0x00000000c7000000 NTAMS 0x00000000c7000000 space 1024K, 100% used [0x00000000c7000000, 0x00000000c7100000)
AC   0  O    TS    13 PTAMS 0x00000000c7100000 NTAMS 0x00000000c7100000 space 1024K, 100% used [0x00000000c7100000, 0x00000000c7200000)
AC   0  O    TS    13 PTAMS 0x00000000c7200000 NTAMS 0x00000000c7200000 space 1024K, 100% used [0x00000000c7200000, 0x00000000c7300000)
AC   0  O    TS    13 PTAMS 0x00000000c7300000 NTAMS 0x00000000c7300000 space 1024K, 100% used [0x00000000c7300000, 0x00000000c7400000)
AC   0  O    TS    13 PTAMS 0x00000000c7400000 NTAMS 0x00000000c7400000 space 1024K, 100% used [0x00000000c7400000, 0x00000000c7500000)
AC   0  O    TS    13 PTAMS 0x00000000c7500000 NTAMS 0x00000000c7500000 space 1024K, 100% used [0x00000000c7500000, 0x00000000c7600000)
AC   0  O    TS    13 PTAMS 0x00000000c7600000 NTAMS 0x00000000c7600000 space 1024K, 100% used [0x00000000c7600000, 0x00000000c7700000)
AC   0  O    TS    13 PTAMS 0x00000000c7700000 NTAMS 0x00000000c7700000 space 1024K, 100% used [0x00000000c7700000, 0x00000000c7800000)
AC   0  O    TS    13 PTAMS 0x00000000c7800000 NTAMS 0x00000000c7800000 space 1024K, 100% used [0x00000000c7800000, 0x00000000c7900000)
AC   0  O    TS    13 PTAMS 0x00000000c7900000 NTAMS 0x00000000c7900000 space 1024K, 100% used [0x00000000c7900000, 0x00000000c7a00000)
AC   0  O    TS    13 PTAMS 0x00000000c7a00000 NTAMS 0x00000000c7a00000 space 1024K, 100% used [0x00000000c7a00000, 0x00000000c7b00000)
AC   0  O    TS    13 PTAMS 0x00000000c7b00000 NTAMS 0x00000000c7b00000 space 1024K, 100% used [0x00000000c7b00000, 0x00000000c7c00000)
AC   0  O    TS    13 PTAMS 0x00000000c7c00000 NTAMS 0x00000000c7c00000 space 1024K, 100% used [0x00000000c7c00000, 0x00000000c7d00000)
AC   0  O    TS    13 PTAMS 0x00000000c7d00000 NTAMS 0x00000000c7d00000 space 1024K, 100% used [0x00000000c7d00000, 0x00000000c7e00000)
AC   0  O    TS    13 PTAMS 0x00000000c7e00000 NTAMS 0x00000000c7e00000 space 1024K, 100% used [0x00000000c7e00000, 0x00000000c7f00000)
AC   0  O    TS    13 PTAMS 0x00000000c7f00000 NTAMS 0x00000000c7f00000 space 1024K, 100% used [0x00000000c7f00000, 0x00000000c8000000)
AC   0  O    TS    13 PTAMS 0x00000000c8000000 NTAMS 0x00000000c8000000 space 1024K, 100% used [0x00000000c8000000, 0x00000000c8100000)
AC   0  O    TS    11 PTAMS 0x00000000c8100000 NTAMS 0x00000000c8100000 space 1024K, 100% used [0x00000000c8100000, 0x00000000c8200000)
AC   0  O    TS    11 PTAMS 0x00000000c8200000 NTAMS 0x00000000c8200000 space 1024K, 100% used [0x00000000c8200000, 0x00000000c8300000)
AC   0  O    TS    13 PTAMS 0x00000000c8300000 NTAMS 0x00000000c8300000 space 1024K, 100% used [0x00000000c8300000, 0x00000000c8400000)
AC   0  O    TS    13 PTAMS 0x00000000c8400000 NTAMS 0x00000000c8400000 space 1024K, 100% used [0x00000000c8400000, 0x00000000c8500000)
AC   0  O    TS    13 PTAMS 0x00000000c8500000 NTAMS 0x00000000c8500000 space 1024K, 100% used [0x00000000c8500000, 0x00000000c8600000)
AC   0  O    TS    13 PTAMS 0x00000000c8600000 NTAMS 0x00000000c8600000 space 1024K, 100% used [0x00000000c8600000, 0x00000000c8700000)
AC   0  O    TS    13 PTAMS 0x00000000c8700000 NTAMS 0x00000000c8700000 space 1024K, 100% used [0x00000000c8700000, 0x00000000c8800000)
AC   0  O    TS    13 PTAMS 0x00000000c8800000 NTAMS 0x00000000c8800000 space 1024K, 100% used [0x00000000c8800000, 0x00000000c8900000)
AC   0  O    TS    13 PTAMS 0x00000000c8900000 NTAMS 0x00000000c8900000 space 1024K, 100% used [0x00000000c8900000, 0x00000000c8a00000)
AC   0  O    TS    13 PTAMS 0x00000000c8a00000 NTAMS 0x00000000c8a00000 space 1024K, 100% used [0x00000000c8a00000, 0x00000000c8b00000)
AC   0  O    TS    13 PTAMS 0x00000000c8b00000 NTAMS 0x00000000c8b00000 space 1024K, 100% used [0x00000000c8b00000, 0x00000000c8c00000)
AC   0  O    TS    13 PTAMS 0x00000000c8c00000 NTAMS 0x00000000c8c00000 space 1024K, 100% used [0x00000000c8c00000, 0x00000000c8d00000)
AC   0  O    TS    13 PTAMS 0x00000000c8d00000 NTAMS 0x00000000c8d00000 space 1024K, 100% used [0x00000000c8d00000, 0x00000000c8e00000)
AC   0  O    TS    13 PTAMS 0x00000000c8e00000 NTAMS 0x00000000c8e00000 space 1024K, 100% used [0x00000000c8e00000, 0x00000000c8f00000)
AC   0  O    TS    13 PTAMS 0x00000000c8f00000 NTAMS 0x00000000c8f00000 space 1024K, 100% used [0x00000000c8f00000, 0x00000000c9000000)
AC   0  O    TS    13 PTAMS 0x00000000c9000000 NTAMS 0x00000000c9000000 space 1024K, 100% used [0x00000000c9000000, 0x00000000c9100000)
AC   0 HS    TS     7 PTAMS 0x00000000c9100000 NTAMS 0x00000000c9100000 space 2048K,  65% used [0x00000000c9100000, 0x00000000c9300000)
AC   0 HC    TS     7 PTAMS 0x00000000c9200000 NTAMS 0x00000000c9200000 space 1024K,  31% used [0x00000000c9200000, 0x00000000c9300000)
AC   0 HS    TS     7 PTAMS 0x00000000c9300000 NTAMS 0x00000000c9300000 space 2048K,  65% used [0x00000000c9300000, 0x00000000c9500000)
AC   0 HC    TS     7 PTAMS 0x00000000c9400000 NTAMS 0x00000000c9400000 space 1024K,  31% used [0x00000000c9400000, 0x00000000c9500000)
AC   0 HS    TS     7 PTAMS 0x00000000c9500000 NTAMS 0x00000000c9500000 space 1024K,  54% used [0x00000000c9500000, 0x00000000c9600000)
AC   0 HS    TS     7 PTAMS 0x00000000c9600000 NTAMS 0x00000000c9600000 space 1024K,  54% used [0x00000000c9600000, 0x00000000c9700000)
AC   0 HS    TS     7 PTAMS 0x00000000c9700000 NTAMS 0x00000000c9700000 space 1024K,  50% used [0x00000000c9700000, 0x00000000c9800000)
AC   0  F    TS     7 PTAMS 0x00000000c9800000 NTAMS 0x00000000c9800000 space 1024K,   0% used [0x00000000c9800000, 0x00000000c9900000)
AC   0  F    TS     7 PTAMS 0x00000000c9900000 NTAMS 0x00000000c9900000 space 1024K,   0% used [0x00000000c9900000, 0x00000000c9a00000)
AC   0  F    TS     7 PTAMS 0x00000000c9a00000 NTAMS 0x00000000c9a00000 space 1024K,   0% used [0x00000000c9a00000, 0x00000000c9b00000)
AC   0  F    TS     7 PTAMS 0x00000000c9b00000 NTAMS 0x00000000c9b00000 space 1024K,   0% used [0x00000000c9b00000, 0x00000000c9c00000)
AC   0  F    TS     7 PTAMS 0x00000000c9c00000 NTAMS 0x00000000c9c00000 space 1024K,   0% used [0x00000000c9c00000, 0x00000000c9d00000)
AC   0  F    TS    11 PTAMS 0x00000000c9d00000 NTAMS 0x00000000c9d00000 space 1024K,   0% used [0x00000000c9d00000, 0x00000000c9e00000)
AC   0  F    TS    11 PTAMS 0x00000000c9e00000 NTAMS 0x00000000c9e00000 space 1024K,   0% used [0x00000000c9e00000, 0x00000000c9f00000)
AC   0  F    TS    11 PTAMS 0x00000000c9f00000 NTAMS 0x00000000c9f00000 space 1024K,   0% used [0x00000000c9f00000, 0x00000000ca000000)
AC   0  F    TS    11 PTAMS 0x00000000ca000000 NTAMS 0x00000000ca000000 space 1024K,   0% used [0x00000000ca000000, 0x00000000ca100000)
AC   0  F    TS    11 PTAMS 0x00000000ca100000 NTAMS 0x00000000ca100000 space 1024K,   0% used [0x00000000ca100000, 0x00000000ca200000)
AC   0  F    TS    11 PTAMS 0x00000000ca200000 NTAMS 0x00000000ca200000 space 1024K,   0% used [0x00000000ca200000, 0x00000000ca300000)
AC   0  F    TS    11 PTAMS 0x00000000ca300000 NTAMS 0x00000000ca300000 space 1024K,   0% used [0x00000000ca300000, 0x00000000ca400000)
AC   0  F    TS    11 PTAMS 0x00000000ca400000 NTAMS 0x00000000ca400000 space 1024K,   0% used [0x00000000ca400000, 0x00000000ca500000)
AC   0  F    TS    11 PTAMS 0x00000000ca500000 NTAMS 0x00000000ca500000 space 1024K,   0% used [0x00000000ca500000, 0x00000000ca600000)
AC   0  F    TS    11 PTAMS 0x00000000ca600000 NTAMS 0x00000000ca600000 space 1024K,   0% used [0x00000000ca600000, 0x00000000ca700000)
AC   0  F    TS    11 PTAMS 0x00000000ca700000 NTAMS 0x00000000ca700000 space 1024K,   0% used [0x00000000ca700000, 0x00000000ca800000)
AC   0  F    TS    11 PTAMS 0x00000000ca800000 NTAMS 0x00000000ca800000 space 1024K,   0% used [0x00000000ca800000, 0x00000000ca900000)
AC   0  F    TS    11 PTAMS 0x00000000ca900000 NTAMS 0x00000000ca900000 space 1024K,   0% used [0x00000000ca900000, 0x00000000caa00000)
AC   0  F    TS    11 PTAMS 0x00000000caa00000 NTAMS 0x00000000caa00000 space 1024K,   0% used [0x00000000caa00000, 0x00000000cab00000)
AC   0  F    TS    11 PTAMS 0x00000000cab00000 NTAMS 0x00000000cab00000 space 1024K,   0% used [0x00000000cab00000, 0x00000000cac00000)
AC   0  F    TS    11 PTAMS 0x00000000cac00000 NTAMS 0x00000000cac00000 space 1024K,   0% used [0x00000000cac00000, 0x00000000cad00000)
AC   0  F    TS    11 PTAMS 0x00000000cad00000 NTAMS 0x00000000cad00000 space 1024K,   0% used [0x00000000cad00000, 0x00000000cae00000)
AC   0  F    TS    11 PTAMS 0x00000000cae00000 NTAMS 0x00000000cae00000 space 1024K,   0% used [0x00000000cae00000, 0x00000000caf00000)
AC   0  F    TS    11 PTAMS 0x00000000caf00000 NTAMS 0x00000000caf00000 space 1024K,   0% used [0x00000000caf00000, 0x00000000cb000000)
AC   0  F    TS    11 PTAMS 0x00000000cb000000 NTAMS 0x00000000cb000000 space 1024K,   0% used [0x00000000cb000000, 0x00000000cb100000)
AC   0  F    TS    11 PTAMS 0x00000000cb100000 NTAMS 0x00000000cb100000 space 1024K,   0% used [0x00000000cb100000, 0x00000000cb200000)
AC   0  F    TS    11 PTAMS 0x00000000cb200000 NTAMS 0x00000000cb200000 space 1024K,   0% used [0x00000000cb200000, 0x00000000cb300000)
AC   0  F    TS    11 PTAMS 0x00000000cb300000 NTAMS 0x00000000cb300000 space 1024K,   0% used [0x00000000cb300000, 0x00000000cb400000)
AC   0  F    TS    11 PTAMS 0x00000000cb400000 NTAMS 0x00000000cb400000 space 1024K,   0% used [0x00000000cb400000, 0x00000000cb500000)
AC   0  F    TS    11 PTAMS 0x00000000cb500000 NTAMS 0x00000000cb500000 space 1024K,   0% used [0x00000000cb500000, 0x00000000cb600000)
AC   0  F    TS    11 PTAMS 0x00000000cb600000 NTAMS 0x00000000cb600000 space 1024K,   0% used [0x00000000cb600000, 0x00000000cb700000)
AC   0  F    TS    11 PTAMS 0x00000000cb700000 NTAMS 0x00000000cb700000 space 1024K,   0% used [0x00000000cb700000, 0x00000000cb800000)
AC   0  F    TS    11 PTAMS 0x00000000cb800000 NTAMS 0x00000000cb800000 space 1024K,   0% used [0x00000000cb800000, 0x00000000cb900000)
AC   0  F    TS    11 PTAMS 0x00000000cb900000 NTAMS 0x00000000cb900000 space 1024K,   0% used [0x00000000cb900000, 0x00000000cba00000)
AC   0  F    TS    11 PTAMS 0x00000000cba00000 NTAMS 0x00000000cba00000 space 1024K,   0% used [0x00000000cba00000, 0x00000000cbb00000)
AC   0  F    TS     7 PTAMS 0x00000000cbb00000 NTAMS 0x00000000cbb00000 space 1024K,   0% used [0x00000000cbb00000, 0x00000000cbc00000)
AC   0  F    TS     7 PTAMS 0x00000000cbc00000 NTAMS 0x00000000cbc00000 space 1024K,   0% used [0x00000000cbc00000, 0x00000000cbd00000)
AC   0  F    TS     7 PTAMS 0x00000000cbd00000 NTAMS 0x00000000cbd00000 space 1024K,   0% used [0x00000000cbd00000, 0x00000000cbe00000)
AC   0  F    TS     7 PTAMS 0x00000000cbe00000 NTAMS 0x00000000cbe00000 space 1024K,   0% used [0x00000000cbe00000, 0x00000000cbf00000)
AC   0  F    TS     7 PTAMS 0x00000000cbf00000 NTAMS 0x00000000cbf00000 space 1024K,   0% used [0x00000000cbf00000, 0x00000000cc000000)
AC   0  F    TS     7 PTAMS 0x00000000cc000000 NTAMS 0x00000000cc000000 space 1024K,   0% used [0x00000000cc000000, 0x00000000cc100000)
AC   0  F    TS     7 PTAMS 0x00000000cc100000 NTAMS 0x00000000cc100000 space 1024K,   0% used [0x00000000cc100000, 0x00000000cc200000)
AC   0  F    TS     7 PTAMS 0x00000000cc200000 NTAMS 0x00000000cc200000 space 1024K,   0% used [0x00000000cc200000, 0x00000000cc300000)
AC   0  F    TS     7 PTAMS 0x00000000cc300000 NTAMS 0x00000000cc300000 space 1024K,   0% used [0x00000000cc300000, 0x00000000cc400000)
AC   0  F    TS     7 PTAMS 0x00000000cc400000 NTAMS 0x00000000cc400000 space 1024K,   0% used [0x00000000cc400000, 0x00000000cc500000)
AC   0  F    TS     7 PTAMS 0x00000000cc500000 NTAMS 0x00000000cc500000 space 1024K,   0% used [0x00000000cc500000, 0x00000000cc600000)
AC   0  F    TS     7 PTAMS 0x00000000cc600000 NTAMS 0x00000000cc600000 space 1024K,   0% used [0x00000000cc600000, 0x00000000cc700000)
AC   0  F    TS     7 PTAMS 0x00000000cc700000 NTAMS 0x00000000cc700000 space 1024K,   0% used [0x00000000cc700000, 0x00000000cc800000)
AC   0  F    TS     7 PTAMS 0x00000000cc800000 NTAMS 0x00000000cc800000 space 1024K,   0% used [0x00000000cc800000, 0x00000000cc900000)
AC   0  F    TS     7 PTAMS 0x00000000cc900000 NTAMS 0x00000000cc900000 space 1024K,   0% used [0x00000000cc900000, 0x00000000cca00000)
AC   0  F    TS     7 PTAMS 0x00000000cca00000 NTAMS 0x00000000cca00000 space 1024K,   0% used [0x00000000cca00000, 0x00000000ccb00000)
AC   0  F    TS     7 PTAMS 0x00000000ccb00000 NTAMS 0x00000000ccb00000 space 1024K,   0% used [0x00000000ccb00000, 0x00000000ccc00000)
AC   0  F    TS     7 PTAMS 0x00000000ccc00000 NTAMS 0x00000000ccc00000 space 1024K,   0% used [0x00000000ccc00000, 0x00000000ccd00000)
AC   0  F    TS     7 PTAMS 0x00000000ccd00000 NTAMS 0x00000000ccd00000 space 1024K,   0% used [0x00000000ccd00000, 0x00000000cce00000)
AC   0  F    TS     7 PTAMS 0x00000000cce00000 NTAMS 0x00000000cce00000 space 1024K,   0% used [0x00000000cce00000, 0x00000000ccf00000)
AC   0  F    TS     7 PTAMS 0x00000000ccf00000 NTAMS 0x00000000ccf00000 space 1024K,   0% used [0x00000000ccf00000, 0x00000000cd000000)
AC   0  F    TS     7 PTAMS 0x00000000cd000000 NTAMS 0x00000000cd000000 space 1024K,   0% used [0x00000000cd000000, 0x00000000cd100000)
AC   0  F    TS     7 PTAMS 0x00000000cd100000 NTAMS 0x00000000cd100000 space 1024K,   0% used [0x00000000cd100000, 0x00000000cd200000)
AC   0  F    TS     7 PTAMS 0x00000000cd200000 NTAMS 0x00000000cd200000 space 1024K,   0% used [0x00000000cd200000, 0x00000000cd300000)
AC   0  F    TS     7 PTAMS 0x00000000cd300000 NTAMS 0x00000000cd300000 space 1024K,   0% used [0x00000000cd300000, 0x00000000cd400000)
AC   0  F    TS     7 PTAMS 0x00000000cd400000 NTAMS 0x00000000cd400000 space 1024K,   0% used [0x00000000cd400000, 0x00000000cd500000)
AC   0  F    TS     7 PTAMS 0x00000000cd500000 NTAMS 0x00000000cd500000 space 1024K,   0% used [0x00000000cd500000, 0x00000000cd600000)
AC   0  F    TS     7 PTAMS 0x00000000cd600000 NTAMS 0x00000000cd600000 space 1024K,   0% used [0x00000000cd600000, 0x00000000cd700000)
AC   0  F    TS     7 PTAMS 0x00000000cd700000 NTAMS 0x00000000cd700000 space 1024K,   0% used [0x00000000cd700000, 0x00000000cd800000)
AC   0  F    TS     7 PTAMS 0x00000000cd800000 NTAMS 0x00000000cd800000 space 1024K,   0% used [0x00000000cd800000, 0x00000000cd900000)
AC   0  F    TS     7 PTAMS 0x00000000cd900000 NTAMS 0x00000000cd900000 space 1024K,   0% used [0x00000000cd900000, 0x00000000cda00000)
AC   0  F    TS     7 PTAMS 0x00000000cda00000 NTAMS 0x00000000cda00000 space 1024K,   0% used [0x00000000cda00000, 0x00000000cdb00000)
AC   0  F    TS     7 PTAMS 0x00000000cdb00000 NTAMS 0x00000000cdb00000 space 1024K,   0% used [0x00000000cdb00000, 0x00000000cdc00000)
AC   0  F    TS     7 PTAMS 0x00000000cdc00000 NTAMS 0x00000000cdc00000 space 1024K,   0% used [0x00000000cdc00000, 0x00000000cdd00000)
AC   0  F    TS     7 PTAMS 0x00000000cdd00000 NTAMS 0x00000000cdd00000 space 1024K,   0% used [0x00000000cdd00000, 0x00000000cde00000)
AC   0  F    TS     7 PTAMS 0x00000000cde00000 NTAMS 0x00000000cde00000 space 1024K,   0% used [0x00000000cde00000, 0x00000000cdf00000)
AC   0  F    TS     7 PTAMS 0x00000000cdf00000 NTAMS 0x00000000cdf00000 space 1024K,   0% used [0x00000000cdf00000, 0x00000000ce000000)
AC   0  F    TS     7 PTAMS 0x00000000ce000000 NTAMS 0x00000000ce000000 space 1024K,   0% used [0x00000000ce000000, 0x00000000ce100000)
AC   0  F    TS     7 PTAMS 0x00000000ce100000 NTAMS 0x00000000ce100000 space 1024K,   0% used [0x00000000ce100000, 0x00000000ce200000)
AC   0  F    TS     7 PTAMS 0x00000000ce200000 NTAMS 0x00000000ce200000 space 1024K,   0% used [0x00000000ce200000, 0x00000000ce300000)
AC   0  F    TS     7 PTAMS 0x00000000ce300000 NTAMS 0x00000000ce300000 space 1024K,   0% used [0x00000000ce300000, 0x00000000ce400000)
AC   0  F    TS     7 PTAMS 0x00000000ce400000 NTAMS 0x00000000ce400000 space 1024K,   0% used [0x00000000ce400000, 0x00000000ce500000)
AC   0  F    TS     7 PTAMS 0x00000000ce500000 NTAMS 0x00000000ce500000 space 1024K,   0% used [0x00000000ce500000, 0x00000000ce600000)
AC   0  F    TS     7 PTAMS 0x00000000ce600000 NTAMS 0x00000000ce600000 space 1024K,   0% used [0x00000000ce600000, 0x00000000ce700000)
AC   0  F    TS     7 PTAMS 0x00000000ce700000 NTAMS 0x00000000ce700000 space 1024K,   0% used [0x00000000ce700000, 0x00000000ce800000)
AC   0  F    TS     7 PTAMS 0x00000000ce800000 NTAMS 0x00000000ce800000 space 1024K,   0% used [0x00000000ce800000, 0x00000000ce900000)
AC   0  F    TS     7 PTAMS 0x00000000ce900000 NTAMS 0x00000000ce900000 space 1024K,   0% used [0x00000000ce900000, 0x00000000cea00000)
AC   0  F    TS     7 PTAMS 0x00000000cea00000 NTAMS 0x00000000cea00000 space 1024K,   0% used [0x00000000cea00000, 0x00000000ceb00000)
AC   0  F    TS     7 PTAMS 0x00000000ceb00000 NTAMS 0x00000000ceb00000 space 1024K,   0% used [0x00000000ceb00000, 0x00000000cec00000)
AC   0  F    TS     7 PTAMS 0x00000000cec00000 NTAMS 0x00000000cec00000 space 1024K,   0% used [0x00000000cec00000, 0x00000000ced00000)
AC   0  F    TS     7 PTAMS 0x00000000ced00000 NTAMS 0x00000000ced00000 space 1024K,   0% used [0x00000000ced00000, 0x00000000cee00000)
AC   0  F    TS     7 PTAMS 0x00000000cee00000 NTAMS 0x00000000cee00000 space 1024K,   0% used [0x00000000cee00000, 0x00000000cef00000)
AC   0  F    TS     7 PTAMS 0x00000000cef00000 NTAMS 0x00000000cef00000 space 1024K,   0% used [0x00000000cef00000, 0x00000000cf000000)
AC   0  F    TS     7 PTAMS 0x00000000cf000000 NTAMS 0x00000000cf000000 space 1024K,   0% used [0x00000000cf000000, 0x00000000cf100000)
AC   0  F    TS     7 PTAMS 0x00000000cf100000 NTAMS 0x00000000cf100000 space 1024K,   0% used [0x00000000cf100000, 0x00000000cf200000)
AC   0  F    TS     7 PTAMS 0x00000000cf200000 NTAMS 0x00000000cf200000 space 1024K,   0% used [0x00000000cf200000, 0x00000000cf300000)
AC   0  F    TS     7 PTAMS 0x00000000cf300000 NTAMS 0x00000000cf300000 space 1024K,   0% used [0x00000000cf300000, 0x00000000cf400000)
AC   0  F    TS     7 PTAMS 0x00000000cf400000 NTAMS 0x00000000cf400000 space 1024K,   0% used [0x00000000cf400000, 0x00000000cf500000)
AC   0  F    TS     7 PTAMS 0x00000000cf500000 NTAMS 0x00000000cf500000 space 1024K,   0% used [0x00000000cf500000, 0x00000000cf600000)
AC   0  F    TS     7 PTAMS 0x00000000cf600000 NTAMS 0x00000000cf600000 space 1024K,   0% used [0x00000000cf600000, 0x00000000cf700000)
AC   0  F    TS     7 PTAMS 0x00000000cf700000 NTAMS 0x00000000cf700000 space 1024K,   0% used [0x00000000cf700000, 0x00000000cf800000)
AC   0  F    TS     7 PTAMS 0x00000000cf800000 NTAMS 0x00000000cf800000 space 1024K,   0% used [0x00000000cf800000, 0x00000000cf900000)
AC   0  F    TS     7 PTAMS 0x00000000cf900000 NTAMS 0x00000000cf900000 space 1024K,   0% used [0x00000000cf900000, 0x00000000cfa00000)
AC   0  F    TS     7 PTAMS 0x00000000cfa00000 NTAMS 0x00000000cfa00000 space 1024K,   0% used [0x00000000cfa00000, 0x00000000cfb00000)
AC   0  F    TS     7 PTAMS 0x00000000cfb00000 NTAMS 0x00000000cfb00000 space 1024K,   0% used [0x00000000cfb00000, 0x00000000cfc00000)
AC   0  F    TS     7 PTAMS 0x00000000cfc00000 NTAMS 0x00000000cfc00000 space 1024K,   0% used [0x00000000cfc00000, 0x00000000cfd00000)
AC   0  F    TS     7 PTAMS 0x00000000cfd00000 NTAMS 0x00000000cfd00000 space 1024K,   0% used [0x00000000cfd00000, 0x00000000cfe00000)
AC   0  F    TS     7 PTAMS 0x00000000cfe00000 NTAMS 0x00000000cfe00000 space 1024K,   0% used [0x00000000cfe00000, 0x00000000cff00000)
AC   0  F    TS     7 PTAMS 0x00000000cff00000 NTAMS 0x00000000cff00000 space 1024K,   0% used [0x00000000cff00000, 0x00000000d0000000)
AC   0  F    TS     9 PTAMS 0x00000000d0000000 NTAMS 0x00000000d0000000 space 1024K,   0% used [0x00000000d0000000, 0x00000000d0100000)
AC   0  F    TS     9 PTAMS 0x00000000d0100000 NTAMS 0x00000000d0100000 space 1024K,   0% used [0x00000000d0100000, 0x00000000d0200000)
AC   0  F    TS     9 PTAMS 0x00000000d0200000 NTAMS 0x00000000d0200000 space 1024K,   0% used [0x00000000d0200000, 0x00000000d0300000)
AC   0  F    TS     9 PTAMS 0x00000000d0300000 NTAMS 0x00000000d0300000 space 1024K,   0% used [0x00000000d0300000, 0x00000000d0400000)
AC   0  F    TS     9 PTAMS 0x00000000d0400000 NTAMS 0x00000000d0400000 space 1024K,   0% used [0x00000000d0400000, 0x00000000d0500000)
AC   0  F    TS     9 PTAMS 0x00000000d0500000 NTAMS 0x00000000d0500000 space 1024K,   0% used [0x00000000d0500000, 0x00000000d0600000)
AC   0  F    TS     9 PTAMS 0x00000000d0600000 NTAMS 0x00000000d0600000 space 1024K,   0% used [0x00000000d0600000, 0x00000000d0700000)
AC   0  F    TS     9 PTAMS 0x00000000d0700000 NTAMS 0x00000000d0700000 space 1024K,   0% used [0x00000000d0700000, 0x00000000d0800000)
AC   0  F    TS     9 PTAMS 0x00000000d0800000 NTAMS 0x00000000d0800000 space 1024K,   0% used [0x00000000d0800000, 0x00000000d0900000)
AC   0  F    TS     9 PTAMS 0x00000000d0900000 NTAMS 0x00000000d0900000 space 1024K,   0% used [0x00000000d0900000, 0x00000000d0a00000)
AC   0  F    TS     9 PTAMS 0x00000000d0a00000 NTAMS 0x00000000d0a00000 space 1024K,   0% used [0x00000000d0a00000, 0x00000000d0b00000)
AC   0  F    TS     9 PTAMS 0x00000000d0b00000 NTAMS 0x00000000d0b00000 space 1024K,   0% used [0x00000000d0b00000, 0x00000000d0c00000)
AC   0  F    TS     9 PTAMS 0x00000000d0c00000 NTAMS 0x00000000d0c00000 space 1024K,   0% used [0x00000000d0c00000, 0x00000000d0d00000)
AC   0  F    TS     9 PTAMS 0x00000000d0d00000 NTAMS 0x00000000d0d00000 space 1024K,   0% used [0x00000000d0d00000, 0x00000000d0e00000)
AC   0  F    TS     9 PTAMS 0x00000000d0e00000 NTAMS 0x00000000d0e00000 space 1024K,   0% used [0x00000000d0e00000, 0x00000000d0f00000)
AC   0  F    TS     9 PTAMS 0x00000000d0f00000 NTAMS 0x00000000d0f00000 space 1024K,   0% used [0x00000000d0f00000, 0x00000000d1000000)
AC   0  F    TS     9 PTAMS 0x00000000d1000000 NTAMS 0x00000000d1000000 space 1024K,   0% used [0x00000000d1000000, 0x00000000d1100000)
AC   0  F    TS     9 PTAMS 0x00000000d1100000 NTAMS 0x00000000d1100000 space 1024K,   0% used [0x00000000d1100000, 0x00000000d1200000)
AC   0  F    TS     9 PTAMS 0x00000000d1200000 NTAMS 0x00000000d1200000 space 1024K,   0% used [0x00000000d1200000, 0x00000000d1300000)
AC   0  F    TS     9 PTAMS 0x00000000d1300000 NTAMS 0x00000000d1300000 space 1024K,   0% used [0x00000000d1300000, 0x00000000d1400000)
AC   0  F    TS     9 PTAMS 0x00000000d1400000 NTAMS 0x00000000d1400000 space 1024K,   0% used [0x00000000d1400000, 0x00000000d1500000)
AC   0  F    TS     9 PTAMS 0x00000000d1500000 NTAMS 0x00000000d1500000 space 1024K,   0% used [0x00000000d1500000, 0x00000000d1600000)
AC   0  F    TS     9 PTAMS 0x00000000d1600000 NTAMS 0x00000000d1600000 space 1024K,   0% used [0x00000000d1600000, 0x00000000d1700000)
AC   0  F    TS     9 PTAMS 0x00000000d1700000 NTAMS 0x00000000d1700000 space 1024K,   0% used [0x00000000d1700000, 0x00000000d1800000)
AC   0  F    TS     9 PTAMS 0x00000000d1800000 NTAMS 0x00000000d1800000 space 1024K,   0% used [0x00000000d1800000, 0x00000000d1900000)
AC   0  F    TS     9 PTAMS 0x00000000d1900000 NTAMS 0x00000000d1900000 space 1024K,   0% used [0x00000000d1900000, 0x00000000d1a00000)
AC   0  F    TS     9 PTAMS 0x00000000d1a00000 NTAMS 0x00000000d1a00000 space 1024K,   0% used [0x00000000d1a00000, 0x00000000d1b00000)
AC   0  F    TS     9 PTAMS 0x00000000d1b00000 NTAMS 0x00000000d1b00000 space 1024K,   0% used [0x00000000d1b00000, 0x00000000d1c00000)
AC   0  F    TS     9 PTAMS 0x00000000d1c00000 NTAMS 0x00000000d1c00000 space 1024K,   0% used [0x00000000d1c00000, 0x00000000d1d00000)
AC   0  F    TS     9 PTAMS 0x00000000d1d00000 NTAMS 0x00000000d1d00000 space 1024K,   0% used [0x00000000d1d00000, 0x00000000d1e00000)
AC   0  F    TS     9 PTAMS 0x00000000d1e00000 NTAMS 0x00000000d1e00000 space 1024K,   0% used [0x00000000d1e00000, 0x00000000d1f00000)
AC   0  F    TS     9 PTAMS 0x00000000d1f00000 NTAMS 0x00000000d1f00000 space 1024K,   0% used [0x00000000d1f00000, 0x00000000d2000000)
AC   0  F    TS     9 PTAMS 0x00000000d2000000 NTAMS 0x00000000d2000000 space 1024K,   0% used [0x00000000d2000000, 0x00000000d2100000)
AC   0  F    TS     9 PTAMS 0x00000000d2100000 NTAMS 0x00000000d2100000 space 1024K,   0% used [0x00000000d2100000, 0x00000000d2200000)
AC   0  F    TS     9 PTAMS 0x00000000d2200000 NTAMS 0x00000000d2200000 space 1024K,   0% used [0x00000000d2200000, 0x00000000d2300000)
AC   0  F    TS     9 PTAMS 0x00000000d2300000 NTAMS 0x00000000d2300000 space 1024K,   0% used [0x00000000d2300000, 0x00000000d2400000)
AC   0  F    TS     9 PTAMS 0x00000000d2400000 NTAMS 0x00000000d2400000 space 1024K,   0% used [0x00000000d2400000, 0x00000000d2500000)
AC   0  F    TS     9 PTAMS 0x00000000d2500000 NTAMS 0x00000000d2500000 space 1024K,   0% used [0x00000000d2500000, 0x00000000d2600000)
AC   0  F    TS     9 PTAMS 0x00000000d2600000 NTAMS 0x00000000d2600000 space 1024K,   0% used [0x00000000d2600000, 0x00000000d2700000)
AC   0  F    TS     9 PTAMS 0x00000000d2700000 NTAMS 0x00000000d2700000 space 1024K,   0% used [0x00000000d2700000, 0x00000000d2800000)
AC   0  F    TS     9 PTAMS 0x00000000d2800000 NTAMS 0x00000000d2800000 space 1024K,   0% used [0x00000000d2800000, 0x00000000d2900000)
AC   0  F    TS     9 PTAMS 0x00000000d2900000 NTAMS 0x00000000d2900000 space 1024K,   0% used [0x00000000d2900000, 0x00000000d2a00000)
AC   0  F    TS     9 PTAMS 0x00000000d2a00000 NTAMS 0x00000000d2a00000 space 1024K,   0% used [0x00000000d2a00000, 0x00000000d2b00000)
AC   0  F    TS     9 PTAMS 0x00000000d2b00000 NTAMS 0x00000000d2b00000 space 1024K,   0% used [0x00000000d2b00000, 0x00000000d2c00000)
AC   0  F    TS     9 PTAMS 0x00000000d2c00000 NTAMS 0x00000000d2c00000 space 1024K,   0% used [0x00000000d2c00000, 0x00000000d2d00000)
AC   0  F    TS     9 PTAMS 0x00000000d2d00000 NTAMS 0x00000000d2d00000 space 1024K,   0% used [0x00000000d2d00000, 0x00000000d2e00000)
AC   0  F    TS     9 PTAMS 0x00000000d2e00000 NTAMS 0x00000000d2e00000 space 1024K,   0% used [0x00000000d2e00000, 0x00000000d2f00000)
AC   0  F    TS     9 PTAMS 0x00000000d2f00000 NTAMS 0x00000000d2f00000 space 1024K,   0% used [0x00000000d2f00000, 0x00000000d3000000)
AC   0  F    TS     9 PTAMS 0x00000000d3000000 NTAMS 0x00000000d3000000 space 1024K,   0% used [0x00000000d3000000, 0x00000000d3100000)
AC   0  F    TS     9 PTAMS 0x00000000d3100000 NTAMS 0x00000000d3100000 space 1024K,   0% used [0x00000000d3100000, 0x00000000d3200000)
AC   0  F    TS     9 PTAMS 0x00000000d3200000 NTAMS 0x00000000d3200000 space 1024K,   0% used [0x00000000d3200000, 0x00000000d3300000)
AC   0  F    TS     9 PTAMS 0x00000000d3300000 NTAMS 0x00000000d3300000 space 1024K,   0% used [0x00000000d3300000, 0x00000000d3400000)
AC   0  F    TS     9 PTAMS 0x00000000d3400000 NTAMS 0x00000000d3400000 space 1024K,   0% used [0x00000000d3400000, 0x00000000d3500000)
AC   0  F    TS     9 PTAMS 0x00000000d3500000 NTAMS 0x00000000d3500000 space 1024K,   0% used [0x00000000d3500000, 0x00000000d3600000)
AC   0  F    TS     9 PTAMS 0x00000000d3600000 NTAMS 0x00000000d3600000 space 1024K,   0% used [0x00000000d3600000, 0x00000000d3700000)
AC   0  F    TS     9 PTAMS 0x00000000d3700000 NTAMS 0x00000000d3700000 space 1024K,   0% used [0x00000000d3700000, 0x00000000d3800000)
AC   0  F    TS     9 PTAMS 0x00000000d3800000 NTAMS 0x00000000d3800000 space 1024K,   0% used [0x00000000d3800000, 0x00000000d3900000)
AC   0  F    TS     9 PTAMS 0x00000000d3900000 NTAMS 0x00000000d3900000 space 1024K,   0% used [0x00000000d3900000, 0x00000000d3a00000)
AC   0  F    TS     9 PTAMS 0x00000000d3a00000 NTAMS 0x00000000d3a00000 space 1024K,   0% used [0x00000000d3a00000, 0x00000000d3b00000)
AC   0  F    TS     9 PTAMS 0x00000000d3b00000 NTAMS 0x00000000d3b00000 space 1024K,   0% used [0x00000000d3b00000, 0x00000000d3c00000)
AC   0  F    TS     9 PTAMS 0x00000000d3c00000 NTAMS 0x00000000d3c00000 space 1024K,   0% used [0x00000000d3c00000, 0x00000000d3d00000)
AC   0  F    TS     9 PTAMS 0x00000000d3d00000 NTAMS 0x00000000d3d00000 space 1024K,   0% used [0x00000000d3d00000, 0x00000000d3e00000)
AC   0  F    TS     9 PTAMS 0x00000000d3e00000 NTAMS 0x00000000d3e00000 space 1024K,   0% used [0x00000000d3e00000, 0x00000000d3f00000)
AC   0  F    TS     9 PTAMS 0x00000000d3f00000 NTAMS 0x00000000d3f00000 space 1024K,   0% used [0x00000000d3f00000, 0x00000000d4000000)
AC   0  F    TS     9 PTAMS 0x00000000d4000000 NTAMS 0x00000000d4000000 space 1024K,   0% used [0x00000000d4000000, 0x00000000d4100000)
AC   0  F    TS     9 PTAMS 0x00000000d4100000 NTAMS 0x00000000d4100000 space 1024K,   0% used [0x00000000d4100000, 0x00000000d4200000)
AC   0  F    TS     9 PTAMS 0x00000000d4200000 NTAMS 0x00000000d4200000 space 1024K,   0% used [0x00000000d4200000, 0x00000000d4300000)
AC   0  F    TS     9 PTAMS 0x00000000d4300000 NTAMS 0x00000000d4300000 space 1024K,   0% used [0x00000000d4300000, 0x00000000d4400000)
AC   0  F    TS     9 PTAMS 0x00000000d4400000 NTAMS 0x00000000d4400000 space 1024K,   0% used [0x00000000d4400000, 0x00000000d4500000)
AC   0  F    TS     9 PTAMS 0x00000000d4500000 NTAMS 0x00000000d4500000 space 1024K,   0% used [0x00000000d4500000, 0x00000000d4600000)
AC   0  F    TS     9 PTAMS 0x00000000d4600000 NTAMS 0x00000000d4600000 space 1024K,   0% used [0x00000000d4600000, 0x00000000d4700000)
AC   0  F    TS     9 PTAMS 0x00000000d4700000 NTAMS 0x00000000d4700000 space 1024K,   0% used [0x00000000d4700000, 0x00000000d4800000)
AC   0  F    TS     9 PTAMS 0x00000000d4800000 NTAMS 0x00000000d4800000 space 1024K,   0% used [0x00000000d4800000, 0x00000000d4900000)
AC   0  F    TS     9 PTAMS 0x00000000d4900000 NTAMS 0x00000000d4900000 space 1024K,   0% used [0x00000000d4900000, 0x00000000d4a00000)
AC   0  F    TS     9 PTAMS 0x00000000d4a00000 NTAMS 0x00000000d4a00000 space 1024K,   0% used [0x00000000d4a00000, 0x00000000d4b00000)
AC   0  F    TS     9 PTAMS 0x00000000d4b00000 NTAMS 0x00000000d4b00000 space 1024K,   0% used [0x00000000d4b00000, 0x00000000d4c00000)
AC   0  F    TS     9 PTAMS 0x00000000d4c00000 NTAMS 0x00000000d4c00000 space 1024K,   0% used [0x00000000d4c00000, 0x00000000d4d00000)
AC   0  F    TS     9 PTAMS 0x00000000d4d00000 NTAMS 0x00000000d4d00000 space 1024K,   0% used [0x00000000d4d00000, 0x00000000d4e00000)
AC   0  F    TS     9 PTAMS 0x00000000d4e00000 NTAMS 0x00000000d4e00000 space 1024K,   0% used [0x00000000d4e00000, 0x00000000d4f00000)
AC   0  F    TS     9 PTAMS 0x00000000d4f00000 NTAMS 0x00000000d4f00000 space 1024K,   0% used [0x00000000d4f00000, 0x00000000d5000000)
AC   0  F    TS     9 PTAMS 0x00000000d5000000 NTAMS 0x00000000d5000000 space 1024K,   0% used [0x00000000d5000000, 0x00000000d5100000)
AC   0  F    TS     9 PTAMS 0x00000000d5100000 NTAMS 0x00000000d5100000 space 1024K,   0% used [0x00000000d5100000, 0x00000000d5200000)
AC   0  F    TS     9 PTAMS 0x00000000d5200000 NTAMS 0x00000000d5200000 space 1024K,   0% used [0x00000000d5200000, 0x00000000d5300000)
AC   0  F    TS     9 PTAMS 0x00000000d5300000 NTAMS 0x00000000d5300000 space 1024K,   0% used [0x00000000d5300000, 0x00000000d5400000)
AC   0  F    TS     9 PTAMS 0x00000000d5400000 NTAMS 0x00000000d5400000 space 1024K,   0% used [0x00000000d5400000, 0x00000000d5500000)
AC   0  F    TS     9 PTAMS 0x00000000d5500000 NTAMS 0x00000000d5500000 space 1024K,   0% used [0x00000000d5500000, 0x00000000d5600000)
AC   0  F    TS     9 PTAMS 0x00000000d5600000 NTAMS 0x00000000d5600000 space 1024K,   0% used [0x00000000d5600000, 0x00000000d5700000)
AC   0  F    TS     9 PTAMS 0x00000000d5700000 NTAMS 0x00000000d5700000 space 1024K,   0% used [0x00000000d5700000, 0x00000000d5800000)
AC   0  F    TS     9 PTAMS 0x00000000d5800000 NTAMS 0x00000000d5800000 space 1024K,   0% used [0x00000000d5800000, 0x00000000d5900000)
AC   0  F    TS     9 PTAMS 0x00000000d5900000 NTAMS 0x00000000d5900000 space 1024K,   0% used [0x00000000d5900000, 0x00000000d5a00000)
AC   0  F    TS     9 PTAMS 0x00000000d5a00000 NTAMS 0x00000000d5a00000 space 1024K,   0% used [0x00000000d5a00000, 0x00000000d5b00000)
AC   0  F    TS     9 PTAMS 0x00000000d5b00000 NTAMS 0x00000000d5b00000 space 1024K,   0% used [0x00000000d5b00000, 0x00000000d5c00000)
AC   0  F    TS     9 PTAMS 0x00000000d5c00000 NTAMS 0x00000000d5c00000 space 1024K,   0% used [0x00000000d5c00000, 0x00000000d5d00000)
AC   0  F    TS     9 PTAMS 0x00000000d5d00000 NTAMS 0x00000000d5d00000 space 1024K,   0% used [0x00000000d5d00000, 0x00000000d5e00000)
AC   0  F    TS     9 PTAMS 0x00000000d5e00000 NTAMS 0x00000000d5e00000 space 1024K,   0% used [0x00000000d5e00000, 0x00000000d5f00000)
AC   0  F    TS     9 PTAMS 0x00000000d5f00000 NTAMS 0x00000000d5f00000 space 1024K,   0% used [0x00000000d5f00000, 0x00000000d6000000)
AC   0  F    TS     9 PTAMS 0x00000000d6000000 NTAMS 0x00000000d6000000 space 1024K,   0% used [0x00000000d6000000, 0x00000000d6100000)
AC   0  F    TS     9 PTAMS 0x00000000d6100000 NTAMS 0x00000000d6100000 space 1024K,   0% used [0x00000000d6100000, 0x00000000d6200000)
AC   0  F    TS     9 PTAMS 0x00000000d6200000 NTAMS 0x00000000d6200000 space 1024K,   0% used [0x00000000d6200000, 0x00000000d6300000)
AC   0  F    TS     9 PTAMS 0x00000000d6300000 NTAMS 0x00000000d6300000 space 1024K,   0% used [0x00000000d6300000, 0x00000000d6400000)
AC   0  F    TS     9 PTAMS 0x00000000d6400000 NTAMS 0x00000000d6400000 space 1024K,   0% used [0x00000000d6400000, 0x00000000d6500000)
AC   0  F    TS     9 PTAMS 0x00000000d6500000 NTAMS 0x00000000d6500000 space 1024K,   0% used [0x00000000d6500000, 0x00000000d6600000)
AC   0  F    TS     9 PTAMS 0x00000000d6600000 NTAMS 0x00000000d6600000 space 1024K,   0% used [0x00000000d6600000, 0x00000000d6700000)
AC   0  F    TS     9 PTAMS 0x00000000d6700000 NTAMS 0x00000000d6700000 space 1024K,   0% used [0x00000000d6700000, 0x00000000d6800000)
AC   0  E    TS     9 PTAMS 0x00000000d6800000 NTAMS 0x00000000d6800000 space 1024K,  50% used [0x00000000d6800000, 0x00000000d6900000)
AC   0  E CS TS     9 PTAMS 0x00000000d6900000 NTAMS 0x00000000d6900000 space 1024K, 100% used [0x00000000d6900000, 0x00000000d6a00000)
AC   0  E CS TS     9 PTAMS 0x00000000d6a00000 NTAMS 0x00000000d6a00000 space 1024K, 100% used [0x00000000d6a00000, 0x00000000d6b00000)
AC   0  E CS TS     9 PTAMS 0x00000000d6b00000 NTAMS 0x00000000d6b00000 space 1024K, 100% used [0x00000000d6b00000, 0x00000000d6c00000)
AC   0  E CS TS     9 PTAMS 0x00000000d6c00000 NTAMS 0x00000000d6c00000 space 1024K, 100% used [0x00000000d6c00000, 0x00000000d6d00000)
AC   0  E CS TS     9 PTAMS 0x00000000d6d00000 NTAMS 0x00000000d6d00000 space 1024K, 100% used [0x00000000d6d00000, 0x00000000d6e00000)
AC   0  E CS TS     9 PTAMS 0x00000000d6e00000 NTAMS 0x00000000d6e00000 space 1024K, 100% used [0x00000000d6e00000, 0x00000000d6f00000)
AC   0  E CS TS     9 PTAMS 0x00000000d6f00000 NTAMS 0x00000000d6f00000 space 1024K, 100% used [0x00000000d6f00000, 0x00000000d7000000)
AC   0  E CS TS     9 PTAMS 0x00000000d7000000 NTAMS 0x00000000d7000000 space 1024K, 100% used [0x00000000d7000000, 0x00000000d7100000)
AC   0  E CS TS     9 PTAMS 0x00000000d7100000 NTAMS 0x00000000d7100000 space 1024K, 100% used [0x00000000d7100000, 0x00000000d7200000)
AC   0  E CS TS     9 PTAMS 0x00000000d7200000 NTAMS 0x00000000d7200000 space 1024K, 100% used [0x00000000d7200000, 0x00000000d7300000)
AC   0  E CS TS     9 PTAMS 0x00000000d7300000 NTAMS 0x00000000d7300000 space 1024K, 100% used [0x00000000d7300000, 0x00000000d7400000)
AC   0  E CS TS     9 PTAMS 0x00000000d7400000 NTAMS 0x00000000d7400000 space 1024K, 100% used [0x00000000d7400000, 0x00000000d7500000)
AC   0  E CS TS     9 PTAMS 0x00000000d7500000 NTAMS 0x00000000d7500000 space 1024K, 100% used [0x00000000d7500000, 0x00000000d7600000)
AC   0  E CS TS     9 PTAMS 0x00000000d7600000 NTAMS 0x00000000d7600000 space 1024K, 100% used [0x00000000d7600000, 0x00000000d7700000)
AC   0  E CS TS     9 PTAMS 0x00000000d7700000 NTAMS 0x00000000d7700000 space 1024K, 100% used [0x00000000d7700000, 0x00000000d7800000)
AC   0  E CS TS     9 PTAMS 0x00000000d7800000 NTAMS 0x00000000d7800000 space 1024K, 100% used [0x00000000d7800000, 0x00000000d7900000)
AC   0  E CS TS     9 PTAMS 0x00000000d7900000 NTAMS 0x00000000d7900000 space 1024K, 100% used [0x00000000d7900000, 0x00000000d7a00000)
AC   0  E CS TS     9 PTAMS 0x00000000d7a00000 NTAMS 0x00000000d7a00000 space 1024K, 100% used [0x00000000d7a00000, 0x00000000d7b00000)
AC   0  E CS TS     9 PTAMS 0x00000000d7b00000 NTAMS 0x00000000d7b00000 space 1024K, 100% used [0x00000000d7b00000, 0x00000000d7c00000)
AC   0  E CS TS     9 PTAMS 0x00000000d7c00000 NTAMS 0x00000000d7c00000 space 1024K, 100% used [0x00000000d7c00000, 0x00000000d7d00000)
AC   0  E CS TS     9 PTAMS 0x00000000d7d00000 NTAMS 0x00000000d7d00000 space 1024K, 100% used [0x00000000d7d00000, 0x00000000d7e00000)
AC   0  E CS TS     9 PTAMS 0x00000000d7e00000 NTAMS 0x00000000d7e00000 space 1024K, 100% used [0x00000000d7e00000, 0x00000000d7f00000)
AC   0  E CS TS     9 PTAMS 0x00000000d7f00000 NTAMS 0x00000000d7f00000 space 1024K, 100% used [0x00000000d7f00000, 0x00000000d8000000)
AC   0  E CS TS     9 PTAMS 0x00000000d8000000 NTAMS 0x00000000d8000000 space 1024K, 100% used [0x00000000d8000000, 0x00000000d8100000)
AC   0  E CS TS     9 PTAMS 0x00000000d8100000 NTAMS 0x00000000d8100000 space 1024K, 100% used [0x00000000d8100000, 0x00000000d8200000)
AC   0  E CS TS     9 PTAMS 0x00000000d8200000 NTAMS 0x00000000d8200000 space 1024K, 100% used [0x00000000d8200000, 0x00000000d8300000)
AC   0  E CS TS     9 PTAMS 0x00000000d8300000 NTAMS 0x00000000d8300000 space 1024K, 100% used [0x00000000d8300000, 0x00000000d8400000)
AC   0  E CS TS     9 PTAMS 0x00000000d8400000 NTAMS 0x00000000d8400000 space 1024K, 100% used [0x00000000d8400000, 0x00000000d8500000)
AC   0  E CS TS     9 PTAMS 0x00000000d8500000 NTAMS 0x00000000d8500000 space 1024K, 100% used [0x00000000d8500000, 0x00000000d8600000)
AC   0  E CS TS     9 PTAMS 0x00000000d8600000 NTAMS 0x00000000d8600000 space 1024K, 100% used [0x00000000d8600000, 0x00000000d8700000)
AC   0  E CS TS     9 PTAMS 0x00000000d8700000 NTAMS 0x00000000d8700000 space 1024K, 100% used [0x00000000d8700000, 0x00000000d8800000)
AC   0  E CS TS     9 PTAMS 0x00000000d8800000 NTAMS 0x00000000d8800000 space 1024K, 100% used [0x00000000d8800000, 0x00000000d8900000)
AC   0  E CS TS     9 PTAMS 0x00000000d8900000 NTAMS 0x00000000d8900000 space 1024K, 100% used [0x00000000d8900000, 0x00000000d8a00000)
AC   0  E CS TS     9 PTAMS 0x00000000d8a00000 NTAMS 0x00000000d8a00000 space 1024K, 100% used [0x00000000d8a00000, 0x00000000d8b00000)
AC   0  E CS TS     9 PTAMS 0x00000000d8b00000 NTAMS 0x00000000d8b00000 space 1024K, 100% used [0x00000000d8b00000, 0x00000000d8c00000)
AC   0  E CS TS     9 PTAMS 0x00000000d8c00000 NTAMS 0x00000000d8c00000 space 1024K, 100% used [0x00000000d8c00000, 0x00000000d8d00000)
AC   0  E CS TS     9 PTAMS 0x00000000d8d00000 NTAMS 0x00000000d8d00000 space 1024K, 100% used [0x00000000d8d00000, 0x00000000d8e00000)
AC   0  E CS TS     9 PTAMS 0x00000000d8e00000 NTAMS 0x00000000d8e00000 space 1024K, 100% used [0x00000000d8e00000, 0x00000000d8f00000)
AC   0  E CS TS     9 PTAMS 0x00000000d8f00000 NTAMS 0x00000000d8f00000 space 1024K, 100% used [0x00000000d8f00000, 0x00000000d9000000)
AC   0  E CS TS     9 PTAMS 0x00000000d9000000 NTAMS 0x00000000d9000000 space 1024K, 100% used [0x00000000d9000000, 0x00000000d9100000)
AC   0  E CS TS     9 PTAMS 0x00000000d9100000 NTAMS 0x00000000d9100000 space 1024K, 100% used [0x00000000d9100000, 0x00000000d9200000)
AC   0  E CS TS     9 PTAMS 0x00000000d9200000 NTAMS 0x00000000d9200000 space 1024K, 100% used [0x00000000d9200000, 0x00000000d9300000)
AC   0  E CS TS     9 PTAMS 0x00000000d9300000 NTAMS 0x00000000d9300000 space 1024K, 100% used [0x00000000d9300000, 0x00000000d9400000)
AC   0  E CS TS     9 PTAMS 0x00000000d9400000 NTAMS 0x00000000d9400000 space 1024K, 100% used [0x00000000d9400000, 0x00000000d9500000)
AC   0  E CS TS     9 PTAMS 0x00000000d9500000 NTAMS 0x00000000d9500000 space 1024K, 100% used [0x00000000d9500000, 0x00000000d9600000)
AC   0  E CS TS     9 PTAMS 0x00000000d9600000 NTAMS 0x00000000d9600000 space 1024K, 100% used [0x00000000d9600000, 0x00000000d9700000)
AC   0  E CS TS     9 PTAMS 0x00000000d9700000 NTAMS 0x00000000d9700000 space 1024K, 100% used [0x00000000d9700000, 0x00000000d9800000)
AC   0  E CS TS     9 PTAMS 0x00000000d9800000 NTAMS 0x00000000d9800000 space 1024K, 100% used [0x00000000d9800000, 0x00000000d9900000)
AC   0  E CS TS     9 PTAMS 0x00000000d9900000 NTAMS 0x00000000d9900000 space 1024K, 100% used [0x00000000d9900000, 0x00000000d9a00000)
AC   0  E CS TS    11 PTAMS 0x00000000d9a00000 NTAMS 0x00000000d9a00000 space 1024K, 100% used [0x00000000d9a00000, 0x00000000d9b00000)
AC   0  E CS TS    11 PTAMS 0x00000000d9b00000 NTAMS 0x00000000d9b00000 space 1024K, 100% used [0x00000000d9b00000, 0x00000000d9c00000)
AC   0  E CS TS    11 PTAMS 0x00000000d9c00000 NTAMS 0x00000000d9c00000 space 1024K, 100% used [0x00000000d9c00000, 0x00000000d9d00000)
AC   0  E CS TS    11 PTAMS 0x00000000d9d00000 NTAMS 0x00000000d9d00000 space 1024K, 100% used [0x00000000d9d00000, 0x00000000d9e00000)
AC   0  E CS TS    11 PTAMS 0x00000000d9e00000 NTAMS 0x00000000d9e00000 space 1024K, 100% used [0x00000000d9e00000, 0x00000000d9f00000)
AC   0  E CS TS    11 PTAMS 0x00000000d9f00000 NTAMS 0x00000000d9f00000 space 1024K, 100% used [0x00000000d9f00000, 0x00000000da000000)
AC   0  E CS TS    11 PTAMS 0x00000000da000000 NTAMS 0x00000000da000000 space 1024K, 100% used [0x00000000da000000, 0x00000000da100000)
AC   0  E CS TS    11 PTAMS 0x00000000da100000 NTAMS 0x00000000da100000 space 1024K, 100% used [0x00000000da100000, 0x00000000da200000)
AC   0  E CS TS    11 PTAMS 0x00000000da200000 NTAMS 0x00000000da200000 space 1024K, 100% used [0x00000000da200000, 0x00000000da300000)
AC   0  E CS TS    11 PTAMS 0x00000000da300000 NTAMS 0x00000000da300000 space 1024K, 100% used [0x00000000da300000, 0x00000000da400000)
AC   0  E CS TS    11 PTAMS 0x00000000da400000 NTAMS 0x00000000da400000 space 1024K, 100% used [0x00000000da400000, 0x00000000da500000)
AC   0  E CS TS    11 PTAMS 0x00000000da500000 NTAMS 0x00000000da500000 space 1024K, 100% used [0x00000000da500000, 0x00000000da600000)
AC   0  E CS TS    11 PTAMS 0x00000000da600000 NTAMS 0x00000000da600000 space 1024K, 100% used [0x00000000da600000, 0x00000000da700000)
AC   0  E CS TS    11 PTAMS 0x00000000da700000 NTAMS 0x00000000da700000 space 1024K, 100% used [0x00000000da700000, 0x00000000da800000)
AC   0  E CS TS    11 PTAMS 0x00000000da800000 NTAMS 0x00000000da800000 space 1024K, 100% used [0x00000000da800000, 0x00000000da900000)
AC   0  E CS TS    11 PTAMS 0x00000000da900000 NTAMS 0x00000000da900000 space 1024K, 100% used [0x00000000da900000, 0x00000000daa00000)
AC   0  E CS TS    11 PTAMS 0x00000000daa00000 NTAMS 0x00000000daa00000 space 1024K, 100% used [0x00000000daa00000, 0x00000000dab00000)
AC   0  E CS TS    11 PTAMS 0x00000000dab00000 NTAMS 0x00000000dab00000 space 1024K, 100% used [0x00000000dab00000, 0x00000000dac00000)
AC   0  E CS TS    11 PTAMS 0x00000000dac00000 NTAMS 0x00000000dac00000 space 1024K, 100% used [0x00000000dac00000, 0x00000000dad00000)
AC   0  E CS TS    11 PTAMS 0x00000000dad00000 NTAMS 0x00000000dad00000 space 1024K, 100% used [0x00000000dad00000, 0x00000000dae00000)
AC   0  E CS TS    11 PTAMS 0x00000000dae00000 NTAMS 0x00000000dae00000 space 1024K, 100% used [0x00000000dae00000, 0x00000000daf00000)
AC   0  E CS TS    11 PTAMS 0x00000000daf00000 NTAMS 0x00000000daf00000 space 1024K, 100% used [0x00000000daf00000, 0x00000000db000000)
AC   0  E CS TS    11 PTAMS 0x00000000db000000 NTAMS 0x00000000db000000 space 1024K, 100% used [0x00000000db000000, 0x00000000db100000)
AC   0  E CS TS    11 PTAMS 0x00000000db100000 NTAMS 0x00000000db100000 space 1024K, 100% used [0x00000000db100000, 0x00000000db200000)
AC   0  E CS TS    11 PTAMS 0x00000000db200000 NTAMS 0x00000000db200000 space 1024K, 100% used [0x00000000db200000, 0x00000000db300000)
AC   0  E CS TS    11 PTAMS 0x00000000db300000 NTAMS 0x00000000db300000 space 1024K, 100% used [0x00000000db300000, 0x00000000db400000)
AC   0  E CS TS    11 PTAMS 0x00000000db400000 NTAMS 0x00000000db400000 space 1024K, 100% used [0x00000000db400000, 0x00000000db500000)
AC   0  E CS TS    11 PTAMS 0x00000000db500000 NTAMS 0x00000000db500000 space 1024K, 100% used [0x00000000db500000, 0x00000000db600000)
AC   0  E CS TS    11 PTAMS 0x00000000db600000 NTAMS 0x00000000db600000 space 1024K, 100% used [0x00000000db600000, 0x00000000db700000)
AC   0  E CS TS    11 PTAMS 0x00000000db700000 NTAMS 0x00000000db700000 space 1024K, 100% used [0x00000000db700000, 0x00000000db800000)
AC   0  E CS TS    11 PTAMS 0x00000000db800000 NTAMS 0x00000000db800000 space 1024K, 100% used [0x00000000db800000, 0x00000000db900000)
AC   0  E CS TS    11 PTAMS 0x00000000db900000 NTAMS 0x00000000db900000 space 1024K, 100% used [0x00000000db900000, 0x00000000dba00000)
AC   0  E CS TS    11 PTAMS 0x00000000dba00000 NTAMS 0x00000000dba00000 space 1024K, 100% used [0x00000000dba00000, 0x00000000dbb00000)
AC   0  E CS TS    11 PTAMS 0x00000000dbb00000 NTAMS 0x00000000dbb00000 space 1024K, 100% used [0x00000000dbb00000, 0x00000000dbc00000)
AC   0  E CS TS    11 PTAMS 0x00000000dbc00000 NTAMS 0x00000000dbc00000 space 1024K, 100% used [0x00000000dbc00000, 0x00000000dbd00000)
AC   0  E CS TS    11 PTAMS 0x00000000dbd00000 NTAMS 0x00000000dbd00000 space 1024K, 100% used [0x00000000dbd00000, 0x00000000dbe00000)
AC   0  E CS TS    11 PTAMS 0x00000000dbe00000 NTAMS 0x00000000dbe00000 space 1024K, 100% used [0x00000000dbe00000, 0x00000000dbf00000)
AC   0  E CS TS    11 PTAMS 0x00000000dbf00000 NTAMS 0x00000000dbf00000 space 1024K, 100% used [0x00000000dbf00000, 0x00000000dc000000)
AC   0  E CS TS    11 PTAMS 0x00000000dc000000 NTAMS 0x00000000dc000000 space 1024K, 100% used [0x00000000dc000000, 0x00000000dc100000)
AC   0  E CS TS    11 PTAMS 0x00000000dc100000 NTAMS 0x00000000dc100000 space 1024K, 100% used [0x00000000dc100000, 0x00000000dc200000)
AC   0  E CS TS    11 PTAMS 0x00000000dc200000 NTAMS 0x00000000dc200000 space 1024K, 100% used [0x00000000dc200000, 0x00000000dc300000)
AC   0  E CS TS    11 PTAMS 0x00000000dc300000 NTAMS 0x00000000dc300000 space 1024K, 100% used [0x00000000dc300000, 0x00000000dc400000)
AC   0  E CS TS    11 PTAMS 0x00000000dc400000 NTAMS 0x00000000dc400000 space 1024K, 100% used [0x00000000dc400000, 0x00000000dc500000)
AC   0  E CS TS    11 PTAMS 0x00000000dc500000 NTAMS 0x00000000dc500000 space 1024K, 100% used [0x00000000dc500000, 0x00000000dc600000)
AC   0  E CS TS    11 PTAMS 0x00000000dc600000 NTAMS 0x00000000dc600000 space 1024K, 100% used [0x00000000dc600000, 0x00000000dc700000)
AC   0  E CS TS    11 PTAMS 0x00000000dc700000 NTAMS 0x00000000dc700000 space 1024K, 100% used [0x00000000dc700000, 0x00000000dc800000)
AC   0  E CS TS    11 PTAMS 0x00000000dc800000 NTAMS 0x00000000dc800000 space 1024K, 100% used [0x00000000dc800000, 0x00000000dc900000)
AC   0  E CS TS    11 PTAMS 0x00000000dc900000 NTAMS 0x00000000dc900000 space 1024K, 100% used [0x00000000dc900000, 0x00000000dca00000)
AC   0  E CS TS    11 PTAMS 0x00000000dca00000 NTAMS 0x00000000dca00000 space 1024K, 100% used [0x00000000dca00000, 0x00000000dcb00000)
AC   0  E CS TS    11 PTAMS 0x00000000dcb00000 NTAMS 0x00000000dcb00000 space 1024K, 100% used [0x00000000dcb00000, 0x00000000dcc00000)
AC   0  E CS TS    11 PTAMS 0x00000000dcc00000 NTAMS 0x00000000dcc00000 space 1024K, 100% used [0x00000000dcc00000, 0x00000000dcd00000)
AC   0  E CS TS    11 PTAMS 0x00000000dcd00000 NTAMS 0x00000000dcd00000 space 1024K, 100% used [0x00000000dcd00000, 0x00000000dce00000)
AC   0  E CS TS    11 PTAMS 0x00000000dce00000 NTAMS 0x00000000dce00000 space 1024K, 100% used [0x00000000dce00000, 0x00000000dcf00000)
AC   0  E CS TS    11 PTAMS 0x00000000dcf00000 NTAMS 0x00000000dcf00000 space 1024K, 100% used [0x00000000dcf00000, 0x00000000dd000000)
AC   0  E CS TS    11 PTAMS 0x00000000dd000000 NTAMS 0x00000000dd000000 space 1024K, 100% used [0x00000000dd000000, 0x00000000dd100000)
AC   0  E CS TS    11 PTAMS 0x00000000dd100000 NTAMS 0x00000000dd100000 space 1024K, 100% used [0x00000000dd100000, 0x00000000dd200000)
AC   0  E CS TS    11 PTAMS 0x00000000dd200000 NTAMS 0x00000000dd200000 space 1024K, 100% used [0x00000000dd200000, 0x00000000dd300000)
AC   0  E CS TS    11 PTAMS 0x00000000dd300000 NTAMS 0x00000000dd300000 space 1024K, 100% used [0x00000000dd300000, 0x00000000dd400000)
AC   0  E CS TS    11 PTAMS 0x00000000dd400000 NTAMS 0x00000000dd400000 space 1024K, 100% used [0x00000000dd400000, 0x00000000dd500000)
AC   0  E CS TS    11 PTAMS 0x00000000dd500000 NTAMS 0x00000000dd500000 space 1024K, 100% used [0x00000000dd500000, 0x00000000dd600000)
AC   0  E CS TS    11 PTAMS 0x00000000dd600000 NTAMS 0x00000000dd600000 space 1024K, 100% used [0x00000000dd600000, 0x00000000dd700000)
AC   0  E CS TS    11 PTAMS 0x00000000dd700000 NTAMS 0x00000000dd700000 space 1024K, 100% used [0x00000000dd700000, 0x00000000dd800000)
AC   0  E CS TS    11 PTAMS 0x00000000dd800000 NTAMS 0x00000000dd800000 space 1024K, 100% used [0x00000000dd800000, 0x00000000dd900000)
AC   0  E CS TS    11 PTAMS 0x00000000dd900000 NTAMS 0x00000000dd900000 space 1024K, 100% used [0x00000000dd900000, 0x00000000dda00000)
AC   0  E CS TS    11 PTAMS 0x00000000dda00000 NTAMS 0x00000000dda00000 space 1024K, 100% used [0x00000000dda00000, 0x00000000ddb00000)
AC   0  E CS TS    11 PTAMS 0x00000000ddb00000 NTAMS 0x00000000ddb00000 space 1024K, 100% used [0x00000000ddb00000, 0x00000000ddc00000)
AC   0  E CS TS    11 PTAMS 0x00000000ddc00000 NTAMS 0x00000000ddc00000 space 1024K, 100% used [0x00000000ddc00000, 0x00000000ddd00000)
AC   0  E CS TS    11 PTAMS 0x00000000ddd00000 NTAMS 0x00000000ddd00000 space 1024K, 100% used [0x00000000ddd00000, 0x00000000dde00000)
AC   0  E CS TS    11 PTAMS 0x00000000dde00000 NTAMS 0x00000000dde00000 space 1024K, 100% used [0x00000000dde00000, 0x00000000ddf00000)
AC   0  E CS TS    11 PTAMS 0x00000000ddf00000 NTAMS 0x00000000ddf00000 space 1024K, 100% used [0x00000000ddf00000, 0x00000000de000000)
AC   0  E CS TS    11 PTAMS 0x00000000de000000 NTAMS 0x00000000de000000 space 1024K, 100% used [0x00000000de000000, 0x00000000de100000)
AC   0  E CS TS    11 PTAMS 0x00000000de100000 NTAMS 0x00000000de100000 space 1024K, 100% used [0x00000000de100000, 0x00000000de200000)
AC   0  E CS TS    11 PTAMS 0x00000000de200000 NTAMS 0x00000000de200000 space 1024K, 100% used [0x00000000de200000, 0x00000000de300000)
AC   0  E CS TS    11 PTAMS 0x00000000de300000 NTAMS 0x00000000de300000 space 1024K, 100% used [0x00000000de300000, 0x00000000de400000)
AC   0  E CS TS    11 PTAMS 0x00000000de400000 NTAMS 0x00000000de400000 space 1024K, 100% used [0x00000000de400000, 0x00000000de500000)
AC   0  E CS TS    11 PTAMS 0x00000000de500000 NTAMS 0x00000000de500000 space 1024K, 100% used [0x00000000de500000, 0x00000000de600000)
AC   0  E CS TS    11 PTAMS 0x00000000de600000 NTAMS 0x00000000de600000 space 1024K, 100% used [0x00000000de600000, 0x00000000de700000)
AC   0  E CS TS    11 PTAMS 0x00000000de700000 NTAMS 0x00000000de700000 space 1024K, 100% used [0x00000000de700000, 0x00000000de800000)
AC   0  E CS TS    11 PTAMS 0x00000000de800000 NTAMS 0x00000000de800000 space 1024K, 100% used [0x00000000de800000, 0x00000000de900000)
AC   0  E CS TS    11 PTAMS 0x00000000de900000 NTAMS 0x00000000de900000 space 1024K, 100% used [0x00000000de900000, 0x00000000dea00000)
AC   0  E CS TS    11 PTAMS 0x00000000dea00000 NTAMS 0x00000000dea00000 space 1024K, 100% used [0x00000000dea00000, 0x00000000deb00000)
AC   0  E CS TS    11 PTAMS 0x00000000deb00000 NTAMS 0x00000000deb00000 space 1024K, 100% used [0x00000000deb00000, 0x00000000dec00000)
AC   0  E CS TS    11 PTAMS 0x00000000dec00000 NTAMS 0x00000000dec00000 space 1024K, 100% used [0x00000000dec00000, 0x00000000ded00000)
AC   0  E CS TS    11 PTAMS 0x00000000ded00000 NTAMS 0x00000000ded00000 space 1024K, 100% used [0x00000000ded00000, 0x00000000dee00000)
AC   0  E CS TS    11 PTAMS 0x00000000dee00000 NTAMS 0x00000000dee00000 space 1024K, 100% used [0x00000000dee00000, 0x00000000def00000)
AC   0  E CS TS    11 PTAMS 0x00000000def00000 NTAMS 0x00000000def00000 space 1024K, 100% used [0x00000000def00000, 0x00000000df000000)
AC   0  E CS TS    11 PTAMS 0x00000000df000000 NTAMS 0x00000000df000000 space 1024K, 100% used [0x00000000df000000, 0x00000000df100000)
AC   0  E CS TS    11 PTAMS 0x00000000df100000 NTAMS 0x00000000df100000 space 1024K, 100% used [0x00000000df100000, 0x00000000df200000)
AC   0  E CS TS    11 PTAMS 0x00000000df200000 NTAMS 0x00000000df200000 space 1024K, 100% used [0x00000000df200000, 0x00000000df300000)
AC   0  E CS TS    11 PTAMS 0x00000000df300000 NTAMS 0x00000000df300000 space 1024K, 100% used [0x00000000df300000, 0x00000000df400000)
AC   0  E CS TS    11 PTAMS 0x00000000df400000 NTAMS 0x00000000df400000 space 1024K, 100% used [0x00000000df400000, 0x00000000df500000)
AC   0  E CS TS    11 PTAMS 0x00000000df500000 NTAMS 0x00000000df500000 space 1024K, 100% used [0x00000000df500000, 0x00000000df600000)
AC   0  E CS TS    11 PTAMS 0x00000000df600000 NTAMS 0x00000000df600000 space 1024K, 100% used [0x00000000df600000, 0x00000000df700000)
AC   0  E CS TS    11 PTAMS 0x00000000df700000 NTAMS 0x00000000df700000 space 1024K, 100% used [0x00000000df700000, 0x00000000df800000)
AC   0  E CS TS    11 PTAMS 0x00000000df800000 NTAMS 0x00000000df800000 space 1024K, 100% used [0x00000000df800000, 0x00000000df900000)
AC   0  E CS TS    11 PTAMS 0x00000000df900000 NTAMS 0x00000000df900000 space 1024K, 100% used [0x00000000df900000, 0x00000000dfa00000)
AC   0  E CS TS    11 PTAMS 0x00000000dfa00000 NTAMS 0x00000000dfa00000 space 1024K, 100% used [0x00000000dfa00000, 0x00000000dfb00000)
AC   0  E CS TS    11 PTAMS 0x00000000dfb00000 NTAMS 0x00000000dfb00000 space 1024K, 100% used [0x00000000dfb00000, 0x00000000dfc00000)
AC   0  E CS TS    11 PTAMS 0x00000000dfc00000 NTAMS 0x00000000dfc00000 space 1024K, 100% used [0x00000000dfc00000, 0x00000000dfd00000)
AC   0  E CS TS    11 PTAMS 0x00000000dfd00000 NTAMS 0x00000000dfd00000 space 1024K, 100% used [0x00000000dfd00000, 0x00000000dfe00000)
AC   0  E CS TS    11 PTAMS 0x00000000dfe00000 NTAMS 0x00000000dfe00000 space 1024K, 100% used [0x00000000dfe00000, 0x00000000dff00000)
AC   0  E CS TS    11 PTAMS 0x00000000dff00000 NTAMS 0x00000000dff00000 space 1024K, 100% used [0x00000000dff00000, 0x00000000e0000000)
AC   0  E CS TS    11 PTAMS 0x00000000e0000000 NTAMS 0x00000000e0000000 space 1024K, 100% used [0x00000000e0000000, 0x00000000e0100000)
AC   0  E CS TS    11 PTAMS 0x00000000e0100000 NTAMS 0x00000000e0100000 space 1024K, 100% used [0x00000000e0100000, 0x00000000e0200000)
AC   0  E CS TS    11 PTAMS 0x00000000e0200000 NTAMS 0x00000000e0200000 space 1024K, 100% used [0x00000000e0200000, 0x00000000e0300000)
AC   0  E CS TS    11 PTAMS 0x00000000e0300000 NTAMS 0x00000000e0300000 space 1024K, 100% used [0x00000000e0300000, 0x00000000e0400000)
AC   0  E CS TS    11 PTAMS 0x00000000e0400000 NTAMS 0x00000000e0400000 space 1024K, 100% used [0x00000000e0400000, 0x00000000e0500000)
AC   0  E CS TS    11 PTAMS 0x00000000e0500000 NTAMS 0x00000000e0500000 space 1024K, 100% used [0x00000000e0500000, 0x00000000e0600000)
AC   0  E CS TS    11 PTAMS 0x00000000e0600000 NTAMS 0x00000000e0600000 space 1024K, 100% used [0x00000000e0600000, 0x00000000e0700000)
AC   0  E CS TS    11 PTAMS 0x00000000e0700000 NTAMS 0x00000000e0700000 space 1024K, 100% used [0x00000000e0700000, 0x00000000e0800000)
AC   0  E CS TS    11 PTAMS 0x00000000e0800000 NTAMS 0x00000000e0800000 space 1024K, 100% used [0x00000000e0800000, 0x00000000e0900000)
AC   0  E CS TS    11 PTAMS 0x00000000e0900000 NTAMS 0x00000000e0900000 space 1024K, 100% used [0x00000000e0900000, 0x00000000e0a00000)
AC   0  E CS TS    11 PTAMS 0x00000000e0a00000 NTAMS 0x00000000e0a00000 space 1024K, 100% used [0x00000000e0a00000, 0x00000000e0b00000)
AC   0  E CS TS    11 PTAMS 0x00000000e0b00000 NTAMS 0x00000000e0b00000 space 1024K, 100% used [0x00000000e0b00000, 0x00000000e0c00000)
AC   0  E CS TS    11 PTAMS 0x00000000e0c00000 NTAMS 0x00000000e0c00000 space 1024K, 100% used [0x00000000e0c00000, 0x00000000e0d00000)
AC   0  E CS TS    11 PTAMS 0x00000000e0d00000 NTAMS 0x00000000e0d00000 space 1024K, 100% used [0x00000000e0d00000, 0x00000000e0e00000)
AC   0  E CS TS    11 PTAMS 0x00000000e0e00000 NTAMS 0x00000000e0e00000 space 1024K, 100% used [0x00000000e0e00000, 0x00000000e0f00000)
AC   0  S CS TS    13 PTAMS 0x00000000e0f00000 NTAMS 0x00000000e0f00000 space 1024K, 100% used [0x00000000e0f00000, 0x00000000e1000000)
AC   0  S CS TS    13 PTAMS 0x00000000e1000000 NTAMS 0x00000000e1000000 space 1024K, 100% used [0x00000000e1000000, 0x00000000e1100000)
AC   0  S CS TS    13 PTAMS 0x00000000e1100000 NTAMS 0x00000000e1100000 space 1024K, 100% used [0x00000000e1100000, 0x00000000e1200000)
AC   0  S CS TS    13 PTAMS 0x00000000e1200000 NTAMS 0x00000000e1200000 space 1024K, 100% used [0x00000000e1200000, 0x00000000e1300000)
AC   0  E CS TS    11 PTAMS 0x00000000e1300000 NTAMS 0x00000000e1300000 space 1024K, 100% used [0x00000000e1300000, 0x00000000e1400000)
AC   0  E CS TS    11 PTAMS 0x00000000e1400000 NTAMS 0x00000000e1400000 space 1024K, 100% used [0x00000000e1400000, 0x00000000e1500000)

Card table byte_map: [0x0000000013fd0000,0x00000000141d0000] byte_map_base: 0x00000000139d0000

Marking Bits (Prev, Next): (CMBitMap*) 0x0000000002de3180, (CMBitMap*) 0x0000000002de3128
 Prev Bits: [0x00000000153d0000, 0x00000000163d0000)
 Next Bits: [0x00000000143d0000, 0x00000000153d0000)

Polling page: 0x00000000011f0000

CodeCache: size=245760Kb used=24367Kb max_used=24399Kb free=221392Kb
 bounds [0x0000000002e90000, 0x0000000004680000, 0x0000000011e90000]
 total_blobs=6678 nmethods=6102 adapters=487
 compilation: enabled

Compilation events (10 events):
Event: 41.979 Thread 0x00000000193dd800 nmethod 7209 0x0000000004664890 code [0x0000000004664b00, 0x0000000004665c28]
Event: 41.979 Thread 0x00000000193dd800 7211       3       java.util.stream.AbstractPipeline::wrapSink (37 bytes)
Event: 41.980 Thread 0x00000000193dd800 nmethod 7211 0x0000000004664110 code [0x00000000046642a0, 0x00000000046646d8]
Event: 41.980 Thread 0x00000000193dd800 7210       3       java.util.stream.AbstractPipeline::wrapAndCopyInto (18 bytes)
Event: 41.981 Thread 0x00000000193dd800 nmethod 7210 0x00000000046639d0 code [0x0000000004663b60, 0x0000000004663f88]
Event: 41.983 Thread 0x00000000193dd800 7212       3       org.eclipse.jdt.internal.core.ClassFileInfo::generateTypeParameterInfos (186 bytes)
Event: 41.988 Thread 0x00000000193dd800 nmethod 7212 0x0000000004667790 code [0x0000000004667ac0, 0x0000000004669408]
Event: 41.988 Thread 0x00000000193dd800 7215  s    3       org.eclipse.jdt.internal.core.JavaModelManager::putInfos (189 bytes)
Event: 41.990 Thread 0x00000000193dd800 nmethod 7215 0x000000000466a810 code [0x000000000466ab00, 0x000000000466c268]
Event: 41.990 Thread 0x00000000193dd800 7217       3       org.eclipse.jdt.internal.compiler.parser.Parser::consumeRule (7294 bytes)

GC Heap History (10 events):
Event: 34.726 GC heap before
{Heap before GC invocations=33 (full 0):
 garbage-first heap   total 131072K, used 86856K [0x00000000c0000000, 0x00000000c0100400, 0x0000000100000000)
  region size 1024K, 6 young (6144K), 1 survivors (1024K)
 Metaspace       used 45937K, capacity 48670K, committed 48768K, reserved 1091584K
  class space    used 4843K, capacity 5698K, committed 5760K, reserved 1048576K
Event: 34.743 GC heap after
Heap after GC invocations=34 (full 0):
 garbage-first heap   total 131072K, used 81952K [0x00000000c0000000, 0x00000000c0100400, 0x0000000100000000)
  region size 1024K, 1 young (1024K), 1 survivors (1024K)
 Metaspace       used 45937K, capacity 48670K, committed 48768K, reserved 1091584K
  class space    used 4843K, capacity 5698K, committed 5760K, reserved 1048576K
}
Event: 34.887 GC heap before
{Heap before GC invocations=34 (full 0):
 garbage-first heap   total 131072K, used 112672K [0x00000000c0000000, 0x00000000c0100400, 0x0000000100000000)
  region size 1024K, 31 young (31744K), 1 survivors (1024K)
 Metaspace       used 45937K, capacity 48670K, committed 48768K, reserved 1091584K
  class space    used 4843K, capacity 5698K, committed 5760K, reserved 1048576K
Event: 34.904 GC heap after
Heap after GC invocations=35 (full 0):
 garbage-first heap   total 262144K, used 87584K [0x00000000c0000000, 0x00000000c0100800, 0x0000000100000000)
  region size 1024K, 4 young (4096K), 4 survivors (4096K)
 Metaspace       used 45937K, capacity 48670K, committed 48768K, reserved 1091584K
  class space    used 4843K, capacity 5698K, committed 5760K, reserved 1048576K
}
Event: 35.304 GC heap before
{Heap before GC invocations=35 (full 0):
 garbage-first heap   total 262144K, used 217632K [0x00000000c0000000, 0x00000000c0100800, 0x0000000100000000)
  region size 1024K, 131 young (134144K), 4 survivors (4096K)
 Metaspace       used 45938K, capacity 48670K, committed 48768K, reserved 1091584K
  class space    used 4843K, capacity 5698K, committed 5760K, reserved 1048576K
Event: 35.325 GC heap after
Heap after GC invocations=36 (full 0):
 garbage-first heap   total 419840K, used 107838K [0x00000000c0000000, 0x00000000c0100cd0, 0x0000000100000000)
  region size 1024K, 17 young (17408K), 17 survivors (17408K)
 Metaspace       used 45938K, capacity 48670K, committed 48768K, reserved 1091584K
  class space    used 4843K, capacity 5698K, committed 5760K, reserved 1048576K
}
Event: 36.754 GC heap before
{Heap before GC invocations=36 (full 0):
 garbage-first heap   total 419840K, used 340990K [0x00000000c0000000, 0x00000000c0100cd0, 0x0000000100000000)
  region size 1024K, 240 young (245760K), 17 survivors (17408K)
 Metaspace       used 45986K, capacity 48670K, committed 48768K, reserved 1091584K
  class space    used 4848K, capacity 5698K, committed 5760K, reserved 1048576K
Event: 36.871 GC heap after
Heap after GC invocations=37 (full 0):
 garbage-first heap   total 545792K, used 145632K [0x00000000c0000000, 0x00000000c01010a8, 0x0000000100000000)
  region size 1024K, 30 young (30720K), 30 survivors (30720K)
 Metaspace       used 45986K, capacity 48670K, committed 48768K, reserved 1091584K
  class space    used 4848K, capacity 5698K, committed 5760K, reserved 1048576K
}
Event: 37.014 GC heap before
{Heap before GC invocations=37 (full 0):
 garbage-first heap   total 545792K, used 147680K [0x00000000c0000000, 0x00000000c01010a8, 0x0000000100000000)
  region size 1024K, 32 young (32768K), 30 survivors (30720K)
 Metaspace       used 45986K, capacity 48670K, committed 48768K, reserved 1091584K
  class space    used 4848K, capacity 5698K, committed 5760K, reserved 1048576K
Event: 37.112 GC heap after
Heap after GC invocations=38 (full 0):
 garbage-first heap   total 545792K, used 150752K [0x00000000c0000000, 0x00000000c01010a8, 0x0000000100000000)
  region size 1024K, 4 young (4096K), 4 survivors (4096K)
 Metaspace       used 45986K, capacity 48670K, committed 48768K, reserved 1091584K
  class space    used 4848K, capacity 5698K, committed 5760K, reserved 1048576K
}

Deoptimization events (10 events):
Event: 40.753 Thread 0x00000000193da800 Uncommon trap: reason=unstable_if action=reinterpret pc=0x000000000411d7d4 method=org.eclipse.jdt.internal.core.util.HashtableOfArrayToObject.put([Ljava/lang/Object;Ljava/lang/Object;)Ljava/lang/Object; @ 36
Event: 41.308 Thread 0x00000000193da800 Uncommon trap: reason=unstable_if action=reinterpret pc=0x00000000042f8d14 method=org.eclipse.jdt.internal.compiler.classfmt.FieldInfo.getName()[C @ 4
Event: 41.308 Thread 0x00000000193da800 Uncommon trap: reason=unstable_if action=reinterpret pc=0x0000000003437d54 method=org.eclipse.jdt.internal.compiler.classfmt.MethodInfo.getMethodDescriptor()[C @ 4
Event: 41.318 Thread 0x00000000193da800 Uncommon trap: reason=unstable_if action=reinterpret pc=0x0000000003b3d114 method=org.eclipse.jdt.internal.compiler.classfmt.MethodInfo.getGenericSignature()[C @ 12
Event: 41.349 Thread 0x00000000193da800 Uncommon trap: reason=unstable_if action=reinterpret pc=0x00000000041417b0 method=org.eclipse.jdt.internal.compiler.parser.Scanner.setSource([C)V @ 1
Event: 41.456 Thread 0x00000000193da800 Uncommon trap: reason=unstable_if action=reinterpret pc=0x00000000045cf44c method=org.eclipse.jdt.internal.compiler.parser.Scanner.internalScanIdentifierOrKeyword(II[C)I @ 2983
Event: 41.514 Thread 0x00000000193da800 Uncommon trap: reason=unstable_if action=reinterpret pc=0x0000000004411da8 method=org.eclipse.jdt.core.Signature.appendClassTypeSignature([CIZLjava/lang/StringBuffer;)I @ 25
Event: 41.515 Thread 0x00000000193da800 Uncommon trap: reason=unstable_if action=reinterpret pc=0x000000000443c8e4 method=org.eclipse.jdt.core.Signature.checkNextChar([CCIIZ)I @ 9
Event: 41.681 Thread 0x00000000193da800 Uncommon trap: reason=unstable_if action=reinterpret pc=0x0000000004424244 method=org.eclipse.jdt.internal.compiler.classfmt.MethodInfo.getExceptionTypeNames()[[C @ 4
Event: 41.715 Thread 0x00000000193da800 Uncommon trap: reason=unstable_if action=reinterpret pc=0x0000000004425e5c method=org.eclipse.jdt.internal.compiler.classfmt.InnerClassInfo.getModifiers()I @ 5

Classes redefined (0 events):
No events

Internal exceptions (10 events):
Event: 36.382 Thread 0x000000001bbb6800 Implicit null exception at 0x000000000449d466 to 0x00000000044a7f41
Event: 36.382 Thread 0x000000001bbb6800 Implicit null exception at 0x0000000004486475 to 0x000000000448894d
Event: 36.382 Thread 0x000000001bbb6800 Implicit null exception at 0x0000000004406a73 to 0x0000000004409db9
Event: 39.953 Thread 0x00000000193da800 Exception <a 'java/lang/NoSuchMethodError': java.lang.Object.lambda$minBy$0(Ljava/util/Comparator;Ljava/lang/Object;Ljava/lang/Object;)Ljava/lang/Object;> (0x00000000dfc43fc8) thrown at [C:\re\workspace\8-2-build-windows-amd64-cygwin\jdk8u221\13320\hotspo
Event: 40.295 Thread 0x000000001bbb6800 Implicit null exception at 0x0000000004435d68 to 0x00000000044372fd
Event: 40.295 Thread 0x000000001bbb6800 Implicit null exception at 0x000000000415b076 to 0x000000000415c465
Event: 40.633 Thread 0x000000001bbb6800 Implicit null exception at 0x000000000443ba4b to 0x000000000443c049
Event: 41.349 Thread 0x00000000193da800 Implicit null exception at 0x0000000004141632 to 0x000000000414179c
Event: 41.509 Thread 0x00000000193da800 Exception <a 'java/lang/ArrayIndexOutOfBoundsException'> (0x00000000d9df18b8) thrown at [C:\re\workspace\8-2-build-windows-amd64-cygwin\jdk8u221\13320\hotspot\src\share\vm\runtime\sharedRuntime.cpp, line 605]
Event: 42.024 Thread 0x00000000193da800 Exception <a 'java/lang/ArrayIndexOutOfBoundsException': 53227> (0x00000000d6d340c8) thrown at [C:\re\workspace\8-2-build-windows-amd64-cygwin\jdk8u221\13320\hotspot\src\share\vm\interpreter\interpreterRuntime.cpp, line 368]

Events (10 events):
Event: 42.015 Thread 0x00000000193da800 DEOPT PACKING pc=0x00000000045bc435 sp=0x0000000022e0df50
Event: 42.015 Thread 0x00000000193da800 DEOPT UNPACKING pc=0x0000000002ed7890 sp=0x0000000022e0dcb0 mode 0
Event: 42.017 Thread 0x00000000193da800 DEOPT PACKING pc=0x00000000045bc435 sp=0x0000000022e0df50
Event: 42.017 Thread 0x00000000193da800 DEOPT UNPACKING pc=0x0000000002ed7890 sp=0x0000000022e0dcb0 mode 0
Event: 42.019 Thread 0x00000000193da800 DEOPT PACKING pc=0x00000000045bc435 sp=0x0000000022e0df50
Event: 42.019 Thread 0x00000000193da800 DEOPT UNPACKING pc=0x0000000002ed7890 sp=0x0000000022e0dcb0 mode 0
Event: 42.021 Thread 0x00000000193da800 DEOPT PACKING pc=0x00000000045bc435 sp=0x0000000022e0df50
Event: 42.021 Thread 0x00000000193da800 DEOPT UNPACKING pc=0x0000000002ed7890 sp=0x0000000022e0dcb0 mode 0
Event: 42.023 Thread 0x00000000193da800 DEOPT PACKING pc=0x00000000045bc435 sp=0x0000000022e0df50
Event: 42.023 Thread 0x00000000193da800 DEOPT UNPACKING pc=0x0000000002ed7890 sp=0x0000000022e0dcb0 mode 0


Dynamic libraries:
0x00007ff65fe00000 - 0x00007ff65fe37000 	C:\Program Files\Java\jdk1.8.0_221\bin\java.exe
0x00007ff835090000 - 0x00007ff835271000 	C:\WINDOWS\SYSTEM32\ntdll.dll
0x00007ff82f8f0000 - 0x00007ff82f902000 	C:\Program Files\AVAST Software\Avast\aswhook.dll
0x00007ff833530000 - 0x00007ff8335e1000 	C:\WINDOWS\System32\KERNEL32.DLL
0x00007ff832250000 - 0x00007ff8324c3000 	C:\WINDOWS\System32\KERNELBASE.dll
0x00007ff833420000 - 0x00007ff8334c1000 	C:\WINDOWS\System32\ADVAPI32.dll
0x00007ff832520000 - 0x00007ff8325be000 	C:\WINDOWS\System32\msvcrt.dll
0x00007ff832a10000 - 0x00007ff832a6b000 	C:\WINDOWS\System32\sechost.dll
0x00007ff834da0000 - 0x00007ff834ec4000 	C:\WINDOWS\System32\RPCRT4.dll
0x00007ff8330f0000 - 0x00007ff833280000 	C:\WINDOWS\System32\USER32.dll
0x00007ff831460000 - 0x00007ff831480000 	C:\WINDOWS\System32\win32u.dll
0x00007ff834ba0000 - 0x00007ff834bc8000 	C:\WINDOWS\System32\GDI32.dll
0x00007ff831920000 - 0x00007ff831ab1000 	C:\WINDOWS\System32\gdi32full.dll
0x00007ff831880000 - 0x00007ff83191f000 	C:\WINDOWS\System32\msvcp_win.dll
0x00007ff831480000 - 0x00007ff831578000 	C:\WINDOWS\System32\ucrtbase.dll
0x00007ff8238c0000 - 0x00007ff823b29000 	C:\WINDOWS\WinSxS\amd64_microsoft.windows.common-controls_6595b64144ccf1df_6.0.17134.950_none_fb3da4273069d3e0\COMCTL32.dll
0x00007ff832b90000 - 0x00007ff832eb2000 	C:\WINDOWS\System32\combase.dll
0x00007ff8321d0000 - 0x00007ff832249000 	C:\WINDOWS\System32\bcryptPrimitives.dll
0x00007ff834b70000 - 0x00007ff834b9d000 	C:\WINDOWS\System32\IMM32.DLL
0x000000006f940000 - 0x000000006fa12000 	C:\Program Files\Java\jdk1.8.0_221\jre\bin\msvcr100.dll
0x000000006f090000 - 0x000000006f935000 	C:\Program Files\Java\jdk1.8.0_221\jre\bin\server\jvm.dll
0x00007ff833620000 - 0x00007ff833628000 	C:\WINDOWS\System32\PSAPI.DLL
0x00007ff81f520000 - 0x00007ff81f529000 	C:\WINDOWS\SYSTEM32\WSOCK32.dll
0x00007ff834d30000 - 0x00007ff834d9c000 	C:\WINDOWS\System32\WS2_32.dll
0x00007ff82e460000 - 0x00007ff82e483000 	C:\WINDOWS\SYSTEM32\WINMM.dll
0x00007ff8281d0000 - 0x00007ff8281da000 	C:\WINDOWS\SYSTEM32\VERSION.dll
0x00007ff82de60000 - 0x00007ff82de8a000 	C:\WINDOWS\SYSTEM32\WINMMBASE.dll
0x00007ff8324d0000 - 0x00007ff832519000 	C:\WINDOWS\System32\cfgmgr32.dll
0x00007ff828ef0000 - 0x00007ff828eff000 	C:\Program Files\Java\jdk1.8.0_221\jre\bin\verify.dll
0x00007ff813c90000 - 0x00007ff813cb9000 	C:\Program Files\Java\jdk1.8.0_221\jre\bin\java.dll
0x00007ff81ef80000 - 0x00007ff81ef96000 	C:\Program Files\Java\jdk1.8.0_221\jre\bin\zip.dll
0x00007ff833640000 - 0x00007ff834a80000 	C:\WINDOWS\System32\SHELL32.dll
0x00007ff833040000 - 0x00007ff8330e9000 	C:\WINDOWS\System32\shcore.dll
0x00007ff831ac0000 - 0x00007ff8321cd000 	C:\WINDOWS\System32\windows.storage.dll
0x00007ff834fa0000 - 0x00007ff834ff1000 	C:\WINDOWS\System32\shlwapi.dll
0x00007ff831420000 - 0x00007ff831431000 	C:\WINDOWS\System32\kernel.appcore.dll
0x00007ff831440000 - 0x00007ff83145f000 	C:\WINDOWS\System32\profapi.dll
0x00007ff8313d0000 - 0x00007ff83141c000 	C:\WINDOWS\System32\powrprof.dll
0x00007ff8313a0000 - 0x00007ff8313aa000 	C:\WINDOWS\System32\FLTLIB.DLL
0x00007ff8310c0000 - 0x00007ff8310d7000 	C:\WINDOWS\SYSTEM32\CRYPTSP.dll
0x00007ff830470000 - 0x00007ff8304a3000 	C:\WINDOWS\system32\rsaenh.dll
0x00007ff830e50000 - 0x00007ff830e75000 	C:\WINDOWS\SYSTEM32\bcrypt.dll
0x00007ff8312a0000 - 0x00007ff8312c8000 	C:\WINDOWS\SYSTEM32\USERENV.dll
0x00007ff830a70000 - 0x00007ff830a7b000 	C:\WINDOWS\SYSTEM32\CRYPTBASE.dll
0x00007ff81ee10000 - 0x00007ff81ee2a000 	C:\Program Files\Java\jdk1.8.0_221\jre\bin\net.dll
0x00007ff81c880000 - 0x00007ff81ca49000 	C:\WINDOWS\SYSTEM32\urlmon.dll
0x00007ff81d1f0000 - 0x00007ff81d496000 	C:\WINDOWS\SYSTEM32\iertutil.dll
0x00007ff8308c0000 - 0x00007ff830926000 	C:\WINDOWS\system32\mswsock.dll
0x00007ff830610000 - 0x00007ff830648000 	C:\WINDOWS\SYSTEM32\IPHLPAPI.DLL
0x00007ff833630000 - 0x00007ff833638000 	C:\WINDOWS\System32\NSI.dll
0x00007ff826550000 - 0x00007ff826566000 	C:\WINDOWS\SYSTEM32\dhcpcsvc6.DLL
0x00007ff826590000 - 0x00007ff8265aa000 	C:\WINDOWS\SYSTEM32\dhcpcsvc.DLL
0x00007ff813c40000 - 0x00007ff813c52000 	C:\Program Files\Java\jdk1.8.0_221\jre\bin\nio.dll
0x00007ff813c10000 - 0x00007ff813c39000 	C:\Users\Harisyanda\.vscode\extensions\redhat.java-0.48.0\server\config_win\org.eclipse.equinox.launcher\org.eclipse.equinox.launcher.win32.win32.x86_64_1.1.1100.v20190715-0945\eclipse_1902.dll
0x00007ff812890000 - 0x00007ff8128a1000 	C:\Users\Harisyanda\.vscode\extensions\redhat.java-0.48.0\server\config_win\org.eclipse.osgi\21\0\.cp\jWinHttp-1.0.0.dll
0x00007ff834bd0000 - 0x00007ff834d21000 	C:\WINDOWS\System32\ole32.dll
0x00007ff825ce0000 - 0x00007ff825dbd000 	C:\WINDOWS\SYSTEM32\WINHTTP.dll
0x00007ff81e7e0000 - 0x00007ff81e7f6000 	C:\WINDOWS\system32\napinsp.dll
0x00007ff81d7e0000 - 0x00007ff81d7fa000 	C:\WINDOWS\system32\pnrpnsp.dll
0x00007ff82d200000 - 0x00007ff82d219000 	C:\WINDOWS\system32\NLAapi.dll
0x00007ff830650000 - 0x00007ff83070e000 	C:\WINDOWS\SYSTEM32\DNSAPI.dll
0x00007ff81d1e0000 - 0x00007ff81d1ee000 	C:\WINDOWS\System32\winrnr.dll
0x00007ff825a50000 - 0x00007ff825a5a000 	C:\Windows\System32\rasadhlp.dll
0x00007ff825c60000 - 0x00007ff825cd2000 	C:\WINDOWS\System32\fwpuclnt.dll

VM Arguments:
jvm_args: -Declipse.application=org.eclipse.jdt.ls.core.id1 -Dosgi.bundles.defaultStartLevel=4 -Declipse.product=org.eclipse.jdt.ls.core.product -Dfile.encoding=utf8 -DwatchParentProcess=false -Xverify:none -Xmx1G -XX:+UseG1GC -XX:+UseStringDeduplication 
java_command: c:\Users\Harisyanda\.vscode\extensions\redhat.java-0.48.0\server\plugins\org.eclipse.equinox.launcher_1.5.500.v20190715-1310.jar -configuration c:\Users\Harisyanda\.vscode\extensions\redhat.java-0.48.0\server\config_win -data c:\Users\Harisyanda\AppData\Roaming\Code\User\workspaceStorage\eeac79af032f3395263a6085614df560\redhat.java\jdt_ws
java_class_path (initial): c:\Users\Harisyanda\.vscode\extensions\redhat.java-0.48.0\server\plugins\org.eclipse.equinox.launcher_1.5.500.v20190715-1310.jar
Launcher Type: SUN_STANDARD

Environment Variables:
JAVA_HOME=C:\Program Files\Java\jdk1.8.0_221
PATH=C:\Users\Harisyanda\Documents\NetBeansProjects\TMSI\src\apache-maven-3.6.1\bin;C:\Program Files (x86)\Common Files\Intel\Shared Files\cpp\bin\Intel64;C:\Program Files (x86)\Intel\iCLS Client\;C:\Program Files\Intel\iCLS Client\;C:\Windows\system32;C:\Windows;C:\Windows\System32\Wbem;C:\Windows\System32\WindowsPowerShell\v1.0\;C:\Program Files (x86)\Intel\Intel(R) Management Engine Components\DAL;C:\Program Files\Intel\Intel(R) Management Engine Components\DAL;C:\Program Files (x86)\Intel\Intel(R) Management Engine Components\IPT;C:\Program Files\Intel\Intel(R) Management Engine Components\IPT;C:\Program Files (x86)\NVIDIA Corporation\PhysX\Common;C:\Program Files\nodejs\;C:\WINDOWS\system32;C:\WINDOWS;C:\WINDOWS\System32\Wbem;C:\WINDOWS\System32\WindowsPowerShell\v1.0\;C:\WINDOWS\System32\OpenSSH\;C:\Program Files\Java\jdk1.8.0_221\bin;C:\Program Files\Java\jdk1.8.0_221\bin;C:\Program Files\Git\cmd;C:\Users\Harisyanda\AppData\Roaming\npm;C:\Users\Harisyanda\AppData\Roaming\npm\node_modules\loopback-cli;C:\Program Files\MySQL\MySQL Shell 8.0\bin\;C:\Users\Harisyanda\AppData\Local\Programs\Microsoft VS Code\bin
USERNAME=Harisyanda
OS=Windows_NT
PROCESSOR_IDENTIFIER=Intel64 Family 6 Model 158 Stepping 9, GenuineIntel



---------------  S Y S T E M  ---------------

OS: Windows 10.0 , 64 bit Build 17134 (10.0.17134.753)

CPU:total 8 (initial active 8) (4 cores per cpu, 2 threads per core) family 6 model 158 stepping 9, cmov, cx8, fxsr, mmx, sse, sse2, sse3, ssse3, sse4.1, sse4.2, popcnt, avx, avx2, aes, clmul, erms, 3dnowpref, lzcnt, ht, tsc, tscinvbit, bmi1, bmi2, adx

Memory: 4k page, physical 8278180k(500884k free), swap 33444004k(208k free)

vm_info: Java HotSpot(TM) 64-Bit Server VM (25.221-b11) for windows-amd64 JRE (1.8.0_221-b11), built on Jul  4 2019 04:39:29 by "java_re" with MS VC++ 10.0 (VS2010)

time: Fri Sep 06 10:32:34 2019
timezone: SE Asia Standard Time
elapsed time: 42 seconds (0d 0h 0m 42s)

